#
# There is insufficient memory for the Java Runtime Environment to continue.
# Native memory allocation (mmap) failed to map 231735296 bytes for G1 virtual space
# Possible reasons:
#   The system is out of physical RAM or swap space
#   The process is running with CompressedOops enabled, and the Java Heap may be blocking the growth of the native heap
# Possible solutions:
#   Reduce memory load on the system
#   Increase physical memory or swap space
#   Check if swap backing store is full
#   Decrease Java heap size (-Xmx/-Xms)
#   Decrease number of Java threads
#   Decrease Java thread stack sizes (-Xss)
#   Set larger code cache with -XX:ReservedCodeCacheSize=
#   JVM is running with Unscaled Compressed Oops mode in which the Java heap is
#     placed in the first 4GB address space. The Java Heap base address is the
#     maximum limit for the native heap growth. Please use -XX:HeapBaseMinAddress
#     to set the Java Heap base and to place the Java Heap above 4GB virtual address.
# This output file may be truncated or incomplete.
#
#  Out of Memory Error (os_windows.cpp:3557), pid=7424, tid=18224
#
# JRE version: OpenJDK Runtime Environment Corretto-17.0.6.10.1 (17.0.6+10) (build 17.0.6+10-LTS)
# Java VM: OpenJDK 64-Bit Server VM Corretto-17.0.6.10.1 (17.0.6+10-LTS, mixed mode, sharing, tiered, compressed oops, compressed class ptrs, g1 gc, windows-amd64)
# No core dump will be written. Minidumps are not enabled by default on client versions of Windows
#

---------------  S U M M A R Y ------------

Command Line: -XX:+IgnoreUnrecognizedVMOptions -Xms128m -Xmx750m -Dsun.io.useCanonCaches=false -Dsun.java2d.metal=true -Djbr.catch.SIGABRT=true -Djdk.http.auth.tunneling.disabledSchemes="" -Djdk.attach.allowAttachSelf=true -Djdk.module.illegalAccess.silent=true -Dkotlinx.coroutines.debug=off -Xmx2029m -Dsplash=true -Dide.native.launcher=true -ea -javaagent:C:\Users\Kanuria\AppData\Roaming\JetBrains\IdeaIC2022.2\plugins\diffblue-cover-ij\lib\launcher-2023.01.02-shared-jar.jar -Dlogback.configurationFile=C:\Users\Kanuria\AppData\Local\Temp\diffblue\config\logback-remote-service.xml -Dcom.diffblue.springIsolationJar=C:\Users\Kanuria\AppData\Roaming\JetBrains\IdeaIC2022.2\plugins\diffblue-cover-ij\META-INF\cover-isolation-layer-2023.01.02.jar -Dcover.jar.path=C:\Users\Kanuria\AppData\Roaming\JetBrains\IdeaIC2022.2\plugins\diffblue-cover-ij\META-INF\cover-service-analyzer-2023.01.02.jar -Dcom.diffblue.assertionSuggestionJar=C:\Users\Kanuria\AppData\Roaming\JetBrains\IdeaIC2022.2\plugins\diffblue-cover-ij\META-INF\cover-service-analyzer-2023.01.02.jar -Dcover.main.class=com.diffblue.cover.service.analyzer.Main C:\Users\Kanuria\AppData\Roaming\JetBrains\IdeaIC2022.2\plugins\diffblue-cover-ij\lib\launcher-2023.01.02-shared-jar.jar --service-lifespan 1800 --monitoring-service-port 51740 --debug-log

Host: Intel(R) Core(TM) i3-8130U CPU @ 2.20GHz, 4 cores, 15G,  Windows 10 , 64 bit Build 19041 (10.0.19041.2364)
Time: Mon Mar 27 19:29:25 2023 Turkey Standard Time elapsed time: 8.911041 seconds (0d 0h 0m 8s)

---------------  T H R E A D  ---------------

Current thread (0x0000025df61f8e00):  VMThread "VM Thread" [stack: 0x000000beedf00000,0x000000beee000000] [id=18224]

Stack: [0x000000beedf00000,0x000000beee000000]
Native frames: (J=compiled Java code, j=interpreted, Vv=VM code, C=native code)
V  [jvm.dll+0x64b39a]
V  [jvm.dll+0x7ff044]
V  [jvm.dll+0x8007fe]
V  [jvm.dll+0x800e53]
V  [jvm.dll+0x235848]
V  [jvm.dll+0x6482fa]
V  [jvm.dll+0x63ca0a]
V  [jvm.dll+0x2f3d59]
V  [jvm.dll+0x2faee6]
V  [jvm.dll+0x34755a]
V  [jvm.dll+0x34779f]
V  [jvm.dll+0x2ca128]
V  [jvm.dll+0x2c8617]
V  [jvm.dll+0x2c7bfc]
V  [jvm.dll+0x30b12b]
V  [jvm.dll+0x80528b]
V  [jvm.dll+0x805f68]
V  [jvm.dll+0x806495]
V  [jvm.dll+0x806864]
V  [jvm.dll+0x80692e]
V  [jvm.dll+0x7b1d6a]
V  [jvm.dll+0x64a265]
C  [ucrtbase.dll+0x21bb2]
C  [KERNEL32.DLL+0x17614]
C  [ntdll.dll+0x526a1]

VM_Operation (0x000000beef6fe030): G1CollectForAllocation, mode: safepoint, requested by thread 0x0000025df7aa0030


---------------  P R O C E S S  ---------------

Threads class SMR info:
_java_thread_list=0x0000025df7c2a450, length=21, elements={
0x0000025dd86a9b10, 0x0000025df61fd7b0, 0x0000025df61ff280, 0x0000025df6217030,
0x0000025df62178f0, 0x0000025df62181b0, 0x0000025df6218a70, 0x0000025df621dc20,
0x0000025df62265e0, 0x0000025df6228ef0, 0x0000025df61e41f0, 0x0000025df6d4b310,
0x0000025df7241140, 0x0000025df7814a10, 0x0000025df7886880, 0x0000025df7857820,
0x0000025df7aa0030, 0x0000025df7c27fe0, 0x0000025df7c27780, 0x0000025df7b8d550,
0x0000025df7c26fe0
}

Java Threads: ( => current thread )
  0x0000025dd86a9b10 JavaThread "main" [_thread_blocked, id=13076, stack(0x000000beed900000,0x000000beeda00000)]
  0x0000025df61fd7b0 JavaThread "Reference Handler" daemon [_thread_blocked, id=21392, stack(0x000000beee000000,0x000000beee100000)]
  0x0000025df61ff280 JavaThread "Finalizer" daemon [_thread_blocked, id=17296, stack(0x000000beee100000,0x000000beee200000)]
  0x0000025df6217030 JavaThread "Signal Dispatcher" daemon [_thread_blocked, id=15016, stack(0x000000beee200000,0x000000beee300000)]
  0x0000025df62178f0 JavaThread "Attach Listener" daemon [_thread_blocked, id=17568, stack(0x000000beee300000,0x000000beee400000)]
  0x0000025df62181b0 JavaThread "Service Thread" daemon [_thread_blocked, id=12252, stack(0x000000beee400000,0x000000beee500000)]
  0x0000025df6218a70 JavaThread "Monitor Deflation Thread" daemon [_thread_blocked, id=22564, stack(0x000000beee500000,0x000000beee600000)]
  0x0000025df621dc20 JavaThread "C2 CompilerThread0" daemon [_thread_blocked, id=14220, stack(0x000000beee600000,0x000000beee700000)]
  0x0000025df62265e0 JavaThread "C1 CompilerThread0" daemon [_thread_blocked, id=20824, stack(0x000000beee700000,0x000000beee800000)]
  0x0000025df6228ef0 JavaThread "Sweeper thread" daemon [_thread_blocked, id=21748, stack(0x000000beee800000,0x000000beee900000)]
  0x0000025df61e41f0 JavaThread "Common-Cleaner" daemon [_thread_blocked, id=4420, stack(0x000000beee900000,0x000000beeea00000)]
  0x0000025df6d4b310 JavaThread "Notification Thread" daemon [_thread_blocked, id=2268, stack(0x000000beeea00000,0x000000beeeb00000)]
  0x0000025df7241140 JavaThread "Service log dispatcher" [_thread_blocked, id=22784, stack(0x000000beef200000,0x000000beef300000)]
  0x0000025df7814a10 JavaThread "grpc-nio-worker-ELG-1-1" daemon [_thread_in_native, id=13168, stack(0x000000beef300000,0x000000beef400000)]
  0x0000025df7886880 JavaThread "grpc-nio-worker-ELG-1-2" daemon [_thread_in_native, id=19764, stack(0x000000beeec00000,0x000000beeed00000)]
  0x0000025df7857820 JavaThread "grpc-default-executor-0" daemon [_thread_blocked, id=736, stack(0x000000beef500000,0x000000beef600000)]
  0x0000025df7aa0030 JavaThread "grpc-default-executor-1" daemon [_thread_blocked, id=1472, stack(0x000000beef600000,0x000000beef700000)]
  0x0000025df7c27fe0 JavaThread "grpc-nio-boss-ELG-3-1" daemon [_thread_in_native, id=19868, stack(0x000000beef900000,0x000000beefa00000)]
  0x0000025df7c27780 JavaThread "Thread-1" [_thread_blocked, id=12784, stack(0x000000beefa00000,0x000000beefb00000)]
  0x0000025df7b8d550 JavaThread "grpc-nio-worker-ELG-1-3" daemon [_thread_in_native, id=21664, stack(0x000000beef800000,0x000000beef900000)]
  0x0000025df7c26fe0 JavaThread "C2 CompilerThread1" daemon [_thread_blocked, id=23384, stack(0x000000beefb00000,0x000000beefc00000)]

Other Threads:
=>0x0000025df61f8e00 VMThread "VM Thread" [stack: 0x000000beedf00000,0x000000beee000000] [id=18224]
  0x0000025df6e0dcf0 WatcherThread [stack: 0x000000beeeb00000,0x000000beeec00000] [id=21116]
  0x0000025dd8701f80 GCTaskThread "GC Thread#0" [stack: 0x000000beeda00000,0x000000beedb00000] [id=16080]
  0x0000025df6d81f80 GCTaskThread "GC Thread#1" [stack: 0x000000beeed00000,0x000000beeee00000] [id=16048]
  0x0000025df6f013b0 GCTaskThread "GC Thread#2" [stack: 0x000000beeee00000,0x000000beeef00000] [id=21228]
  0x0000025df77d1200 GCTaskThread "GC Thread#3" [stack: 0x000000beef100000,0x000000beef200000] [id=15260]
  0x0000025dd8712a30 ConcurrentGCThread "G1 Main Marker" [stack: 0x000000beedb00000,0x000000beedc00000] [id=1576]
  0x0000025dd87159b0 ConcurrentGCThread "G1 Conc#0" [stack: 0x000000beedc00000,0x000000beedd00000] [id=16336]
  0x0000025dd877df30 ConcurrentGCThread "G1 Refine#0" [stack: 0x000000beedd00000,0x000000beede00000] [id=11032]
  0x0000025df6ff1640 ConcurrentGCThread "G1 Refine#1" [stack: 0x000000beeef00000,0x000000beef000000] [id=18252]
  0x0000025df733a360 ConcurrentGCThread "G1 Refine#2" [stack: 0x000000beef000000,0x000000beef100000] [id=19388]
  0x0000025df78f4600 ConcurrentGCThread "G1 Refine#3" [stack: 0x000000beef700000,0x000000beef800000] [id=21788]
  0x0000025dd877e700 ConcurrentGCThread "G1 Service" [stack: 0x000000beede00000,0x000000beedf00000] [id=4376]

Threads with active compile tasks:

VM state: at safepoint (normal execution)

VM Mutex/Monitor currently owned by a thread:  ([mutex/lock_event])
[0x0000025dd86a3260] Threads_lock - owner thread: 0x0000025df61f8e00
[0x0000025dd86a3b60] Heap_lock - owner thread: 0x0000025df7aa0030

Heap address: 0x0000000081200000, size: 2030 MB, Compressed Oops mode: 32-bit

CDS archive(s) mapped at: [0x0000000800000000-0x0000000800bc0000-0x0000000800bc0000), size 12320768, SharedBaseAddress: 0x0000000800000000, ArchiveRelocationMode: 0.
Compressed class space mapped at: 0x0000000800c00000-0x0000000840c00000, reserved size: 1073741824
Narrow klass base: 0x0000000800000000, Narrow klass shift: 0, Narrow klass range: 0x100000000

GC Precious Log:
 CPUs: 4 total, 4 available
 Memory: 16238M
 Large Page Support: Disabled
 NUMA Support: Disabled
 Compressed Oops: Enabled (32-bit)
 Heap Region Size: 1M
 Heap Min Capacity: 128M
 Heap Initial Capacity: 128M
 Heap Max Capacity: 2030M
 Pre-touch: Disabled
 Parallel Workers: 4
 Concurrent Workers: 1
 Concurrent Refinement Workers: 4
 Periodic GC: Disabled

Heap:
 garbage-first heap   total 226304K, used 77321K [0x0000000081200000, 0x0000000100000000)
  region size 1024K, 5 young (5120K), 5 survivors (5120K)
 Metaspace       used 28325K, committed 28480K, reserved 1081344K
  class space    used 3446K, committed 3520K, reserved 1048576K

Heap Regions: E=young(eden), S=young(survivor), O=old, HS=humongous(starts), HC=humongous(continues), CS=collection set, F=free, OA=open archive, CA=closed archive, TAMS=top-at-mark-start (previous, next)
|   0|0x0000000081200000, 0x0000000081300000, 0x0000000081300000|100%|HS|  |TAMS 0x0000000081300000, 0x0000000081300000| Complete 
|   1|0x0000000081300000, 0x0000000081400000, 0x0000000081400000|100%|HC|  |TAMS 0x0000000081400000, 0x0000000081400000| Complete 
|   2|0x0000000081400000, 0x0000000081500000, 0x0000000081500000|100%|HC|  |TAMS 0x0000000081500000, 0x0000000081500000| Complete 
|   3|0x0000000081500000, 0x0000000081600000, 0x0000000081600000|100%|HC|  |TAMS 0x0000000081600000, 0x0000000081600000| Complete 
|   4|0x0000000081600000, 0x0000000081700000, 0x0000000081700000|100%| O|  |TAMS 0x0000000081700000, 0x0000000081700000| Untracked 
|   5|0x0000000081700000, 0x0000000081800000, 0x0000000081800000|100%| O|  |TAMS 0x0000000081800000, 0x0000000081800000| Untracked 
|   6|0x0000000081800000, 0x0000000081900000, 0x0000000081900000|100%| O|  |TAMS 0x0000000081900000, 0x0000000081900000| Untracked 
|   7|0x0000000081900000, 0x0000000081a00000, 0x0000000081a00000|100%| O|  |TAMS 0x0000000081a00000, 0x0000000081a00000| Untracked 
|   8|0x0000000081a00000, 0x0000000081b00000, 0x0000000081b00000|100%| O|  |TAMS 0x0000000081b00000, 0x0000000081b00000| Untracked 
|   9|0x0000000081b00000, 0x0000000081c00000, 0x0000000081c00000|100%| O|  |TAMS 0x0000000081b00000, 0x0000000081c00000| Untracked 
|  10|0x0000000081c00000, 0x0000000081d00000, 0x0000000081d00000|100%| O|  |TAMS 0x0000000081c00000, 0x0000000081d00000| Untracked 
|  11|0x0000000081d00000, 0x0000000081e00000, 0x0000000081e00000|100%| O|  |TAMS 0x0000000081d00000, 0x0000000081e00000| Untracked 
|  12|0x0000000081e00000, 0x0000000081f00000, 0x0000000081f00000|100%| O|  |TAMS 0x0000000081e00000, 0x0000000081f00000| Untracked 
|  13|0x0000000081f00000, 0x0000000082000000, 0x0000000082000000|100%| O|  |TAMS 0x0000000081f00000, 0x0000000082000000| Untracked 
|  14|0x0000000082000000, 0x0000000082100000, 0x0000000082100000|100%| O|  |TAMS 0x0000000082100000, 0x0000000082100000| Untracked 
|  15|0x0000000082100000, 0x0000000082200000, 0x0000000082200000|100%| O|  |TAMS 0x0000000082200000, 0x0000000082200000| Untracked 
|  16|0x0000000082200000, 0x0000000082300000, 0x0000000082300000|100%| O|  |TAMS 0x0000000082300000, 0x0000000082300000| Untracked 
|  17|0x0000000082300000, 0x0000000082400000, 0x0000000082400000|100%| O|  |TAMS 0x0000000082400000, 0x0000000082400000| Untracked 
|  18|0x0000000082400000, 0x0000000082500000, 0x0000000082500000|100%| O|  |TAMS 0x0000000082500000, 0x0000000082500000| Untracked 
|  19|0x0000000082500000, 0x0000000082600000, 0x0000000082600000|100%| O|  |TAMS 0x0000000082600000, 0x0000000082600000| Untracked 
|  20|0x0000000082600000, 0x0000000082700000, 0x0000000082700000|100%| O|  |TAMS 0x0000000082700000, 0x0000000082700000| Untracked 
|  21|0x0000000082700000, 0x0000000082800000, 0x0000000082800000|100%| O|  |TAMS 0x0000000082800000, 0x0000000082800000| Untracked 
|  22|0x0000000082800000, 0x0000000082900000, 0x0000000082900000|100%| O|  |TAMS 0x0000000082900000, 0x0000000082900000| Untracked 
|  23|0x0000000082900000, 0x0000000082a00000, 0x0000000082a00000|100%| O|  |TAMS 0x0000000082900000, 0x0000000082a00000| Untracked 
|  24|0x0000000082a00000, 0x0000000082b00000, 0x0000000082b00000|100%| O|  |TAMS 0x0000000082a00000, 0x0000000082b00000| Untracked 
|  25|0x0000000082b00000, 0x0000000082c00000, 0x0000000082c00000|100%| O|  |TAMS 0x0000000082b00000, 0x0000000082c00000| Untracked 
|  26|0x0000000082c00000, 0x0000000082d00000, 0x0000000082d00000|100%| O|  |TAMS 0x0000000082c00000, 0x0000000082d00000| Untracked 
|  27|0x0000000082d00000, 0x0000000082e00000, 0x0000000082e00000|100%| O|  |TAMS 0x0000000082d00000, 0x0000000082e00000| Untracked 
|  28|0x0000000082e00000, 0x0000000082f00000, 0x0000000082f00000|100%| O|  |TAMS 0x0000000082e00000, 0x0000000082f00000| Untracked 
|  29|0x0000000082f00000, 0x0000000083000000, 0x0000000083000000|100%| O|  |TAMS 0x0000000082f00000, 0x0000000083000000| Untracked 
|  30|0x0000000083000000, 0x0000000083100000, 0x0000000083100000|100%| O|  |TAMS 0x0000000083000000, 0x0000000083100000| Untracked 
|  31|0x0000000083100000, 0x0000000083200000, 0x0000000083200000|100%| O|  |TAMS 0x0000000083100000, 0x0000000083200000| Untracked 
|  32|0x0000000083200000, 0x0000000083300000, 0x0000000083300000|100%| O|  |TAMS 0x0000000083200000, 0x0000000083300000| Untracked 
|  33|0x0000000083300000, 0x0000000083400000, 0x0000000083400000|100%| O|  |TAMS 0x0000000083400000, 0x0000000083400000| Untracked 
|  34|0x0000000083400000, 0x0000000083500000, 0x0000000083500000|100%| O|  |TAMS 0x0000000083500000, 0x0000000083500000| Untracked 
|  35|0x0000000083500000, 0x0000000083600000, 0x0000000083600000|100%| O|  |TAMS 0x0000000083600000, 0x0000000083600000| Untracked 
|  36|0x0000000083600000, 0x0000000083700000, 0x0000000083700000|100%| O|  |TAMS 0x0000000083600000, 0x0000000083700000| Untracked 
|  37|0x0000000083700000, 0x0000000083800000, 0x0000000083800000|100%| O|  |TAMS 0x0000000083700000, 0x0000000083800000| Untracked 
|  38|0x0000000083800000, 0x0000000083800000, 0x0000000083900000|  0%| F|  |TAMS 0x0000000083800000, 0x0000000083800000| Untracked 
|  39|0x0000000083900000, 0x0000000083900000, 0x0000000083a00000|  0%| F|  |TAMS 0x0000000083900000, 0x0000000083900000| Untracked 
|  40|0x0000000083a00000, 0x0000000083a00000, 0x0000000083b00000|  0%| F|  |TAMS 0x0000000083a00000, 0x0000000083a00000| Untracked 
|  41|0x0000000083b00000, 0x0000000083b00000, 0x0000000083c00000|  0%| F|  |TAMS 0x0000000083b00000, 0x0000000083b00000| Untracked 
|  42|0x0000000083c00000, 0x0000000083c00000, 0x0000000083d00000|  0%| F|  |TAMS 0x0000000083c00000, 0x0000000083c00000| Untracked 
|  43|0x0000000083d00000, 0x0000000083d00000, 0x0000000083e00000|  0%| F|  |TAMS 0x0000000083d00000, 0x0000000083d00000| Untracked 
|  44|0x0000000083e00000, 0x0000000083e00000, 0x0000000083f00000|  0%| F|  |TAMS 0x0000000083e00000, 0x0000000083e00000| Untracked 
|  45|0x0000000083f00000, 0x0000000083f00000, 0x0000000084000000|  0%| F|  |TAMS 0x0000000083f00000, 0x0000000083f00000| Untracked 
|  46|0x0000000084000000, 0x0000000084000000, 0x0000000084100000|  0%| F|  |TAMS 0x0000000084000000, 0x0000000084000000| Untracked 
|  47|0x0000000084100000, 0x0000000084100000, 0x0000000084200000|  0%| F|  |TAMS 0x0000000084100000, 0x0000000084100000| Untracked 
|  48|0x0000000084200000, 0x0000000084200000, 0x0000000084300000|  0%| F|  |TAMS 0x0000000084200000, 0x0000000084200000| Untracked 
|  49|0x0000000084300000, 0x0000000084300000, 0x0000000084400000|  0%| F|  |TAMS 0x0000000084300000, 0x0000000084300000| Untracked 
|  50|0x0000000084400000, 0x0000000084400000, 0x0000000084500000|  0%| F|  |TAMS 0x0000000084400000, 0x0000000084400000| Untracked 
|  51|0x0000000084500000, 0x0000000084600000, 0x0000000084600000|100%| O|  |TAMS 0x0000000084600000, 0x0000000084600000| Untracked 
|  52|0x0000000084600000, 0x0000000084700000, 0x0000000084700000|100%| O|  |TAMS 0x0000000084700000, 0x0000000084700000| Untracked 
|  53|0x0000000084700000, 0x0000000084700000, 0x0000000084800000|  0%| F|  |TAMS 0x0000000084700000, 0x0000000084700000| Untracked 
|  54|0x0000000084800000, 0x0000000084800000, 0x0000000084900000|  0%| F|  |TAMS 0x0000000084800000, 0x0000000084800000| Untracked 
|  55|0x0000000084900000, 0x0000000084900000, 0x0000000084a00000|  0%| F|  |TAMS 0x0000000084900000, 0x0000000084900000| Untracked 
|  56|0x0000000084a00000, 0x0000000084a00000, 0x0000000084b00000|  0%| F|  |TAMS 0x0000000084a00000, 0x0000000084a00000| Untracked 
|  57|0x0000000084b00000, 0x0000000084b00000, 0x0000000084c00000|  0%| F|  |TAMS 0x0000000084b00000, 0x0000000084b00000| Untracked 
|  58|0x0000000084c00000, 0x0000000084c00000, 0x0000000084d00000|  0%| F|  |TAMS 0x0000000084c00000, 0x0000000084c00000| Untracked 
|  59|0x0000000084d00000, 0x0000000084d00000, 0x0000000084e00000|  0%| F|  |TAMS 0x0000000084d00000, 0x0000000084d00000| Untracked 
|  60|0x0000000084e00000, 0x0000000084f00000, 0x0000000084f00000|100%| O|  |TAMS 0x0000000084f00000, 0x0000000084f00000| Untracked 
|  61|0x0000000084f00000, 0x0000000085000000, 0x0000000085000000|100%|HS|  |TAMS 0x0000000085000000, 0x0000000085000000| Complete 
|  62|0x0000000085000000, 0x0000000085100000, 0x0000000085100000|100%|HC|  |TAMS 0x0000000085100000, 0x0000000085100000| Complete 
|  63|0x0000000085100000, 0x0000000085200000, 0x0000000085200000|100%|HC|  |TAMS 0x0000000085200000, 0x0000000085200000| Complete 
|  64|0x0000000085200000, 0x0000000085300000, 0x0000000085300000|100%|HC|  |TAMS 0x0000000085300000, 0x0000000085300000| Complete 
|  65|0x0000000085300000, 0x0000000085400000, 0x0000000085400000|100%|HC|  |TAMS 0x0000000085400000, 0x0000000085400000| Complete 
|  66|0x0000000085400000, 0x0000000085500000, 0x0000000085500000|100%| O|  |TAMS 0x0000000085500000, 0x0000000085500000| Untracked 
|  67|0x0000000085500000, 0x0000000085500000, 0x0000000085600000|  0%| F|  |TAMS 0x0000000085500000, 0x0000000085500000| Untracked 
|  68|0x0000000085600000, 0x0000000085600000, 0x0000000085700000|  0%| F|  |TAMS 0x0000000085600000, 0x0000000085600000| Untracked 
|  69|0x0000000085700000, 0x0000000085700000, 0x0000000085800000|  0%| F|  |TAMS 0x0000000085700000, 0x0000000085700000| Untracked 
|  70|0x0000000085800000, 0x0000000085800000, 0x0000000085900000|  0%| F|  |TAMS 0x0000000085800000, 0x0000000085800000| Untracked 
|  71|0x0000000085900000, 0x0000000085900000, 0x0000000085a00000|  0%| F|  |TAMS 0x0000000085900000, 0x0000000085900000| Untracked 
|  72|0x0000000085a00000, 0x0000000085a00000, 0x0000000085b00000|  0%| F|  |TAMS 0x0000000085a00000, 0x0000000085a00000| Untracked 
|  73|0x0000000085b00000, 0x0000000085b00000, 0x0000000085c00000|  0%| F|  |TAMS 0x0000000085b00000, 0x0000000085b00000| Untracked 
|  74|0x0000000085c00000, 0x0000000085c00000, 0x0000000085d00000|  0%| F|  |TAMS 0x0000000085c00000, 0x0000000085c00000| Untracked 
|  75|0x0000000085d00000, 0x0000000085d00000, 0x0000000085e00000|  0%| F|  |TAMS 0x0000000085d00000, 0x0000000085d00000| Untracked 
|  76|0x0000000085e00000, 0x0000000085e00000, 0x0000000085f00000|  0%| F|  |TAMS 0x0000000085e00000, 0x0000000085e00000| Untracked 
|  77|0x0000000085f00000, 0x0000000086000000, 0x0000000086000000|100%| O|  |TAMS 0x0000000086000000, 0x0000000086000000| Untracked 
|  78|0x0000000086000000, 0x0000000086100000, 0x0000000086100000|100%| O|  |TAMS 0x0000000086100000, 0x0000000086100000| Untracked 
|  79|0x0000000086100000, 0x0000000086100000, 0x0000000086200000|  0%| F|  |TAMS 0x0000000086100000, 0x0000000086100000| Untracked 
|  80|0x0000000086200000, 0x0000000086200000, 0x0000000086300000|  0%| F|  |TAMS 0x0000000086200000, 0x0000000086200000| Untracked 
|  81|0x0000000086300000, 0x0000000086300000, 0x0000000086400000|  0%| F|  |TAMS 0x0000000086300000, 0x0000000086300000| Untracked 
|  82|0x0000000086400000, 0x0000000086400000, 0x0000000086500000|  0%| F|  |TAMS 0x0000000086400000, 0x0000000086400000| Untracked 
|  83|0x0000000086500000, 0x0000000086500000, 0x0000000086600000|  0%| F|  |TAMS 0x0000000086500000, 0x0000000086500000| Untracked 
|  84|0x0000000086600000, 0x0000000086600000, 0x0000000086700000|  0%| F|  |TAMS 0x0000000086600000, 0x0000000086600000| Untracked 
|  85|0x0000000086700000, 0x0000000086700000, 0x0000000086800000|  0%| F|  |TAMS 0x0000000086700000, 0x0000000086700000| Untracked 
|  86|0x0000000086800000, 0x0000000086800000, 0x0000000086900000|  0%| F|  |TAMS 0x0000000086800000, 0x0000000086800000| Untracked 
|  87|0x0000000086900000, 0x0000000086900000, 0x0000000086a00000|  0%| F|  |TAMS 0x0000000086900000, 0x0000000086900000| Untracked 
|  88|0x0000000086a00000, 0x0000000086a00000, 0x0000000086b00000|  0%| F|  |TAMS 0x0000000086a00000, 0x0000000086a00000| Untracked 
|  89|0x0000000086b00000, 0x0000000086c00000, 0x0000000086c00000|100%| O|  |TAMS 0x0000000086c00000, 0x0000000086c00000| Untracked 
|  90|0x0000000086c00000, 0x0000000086d00000, 0x0000000086d00000|100%| O|  |TAMS 0x0000000086d00000, 0x0000000086d00000| Untracked 
|  91|0x0000000086d00000, 0x0000000086e00000, 0x0000000086e00000|100%| O|  |TAMS 0x0000000086e00000, 0x0000000086e00000| Untracked 
|  92|0x0000000086e00000, 0x0000000086f00000, 0x0000000086f00000|100%| O|  |TAMS 0x0000000086f00000, 0x0000000086f00000| Untracked 
|  93|0x0000000086f00000, 0x0000000087000000, 0x0000000087000000|100%| O|  |TAMS 0x0000000087000000, 0x0000000087000000| Untracked 
|  94|0x0000000087000000, 0x0000000087000000, 0x0000000087100000|  0%| F|  |TAMS 0x0000000087000000, 0x0000000087000000| Untracked 
|  95|0x0000000087100000, 0x0000000087200000, 0x0000000087200000|100%| O|  |TAMS 0x0000000087200000, 0x0000000087200000| Untracked 
|  96|0x0000000087200000, 0x0000000087300000, 0x0000000087300000|100%| O|  |TAMS 0x0000000087300000, 0x0000000087300000| Untracked 
|  97|0x0000000087300000, 0x0000000087400000, 0x0000000087400000|100%| O|  |TAMS 0x0000000087400000, 0x0000000087400000| Untracked 
|  98|0x0000000087400000, 0x0000000087500000, 0x0000000087500000|100%| O|  |TAMS 0x0000000087500000, 0x0000000087500000| Untracked 
|  99|0x0000000087500000, 0x0000000087600000, 0x0000000087600000|100%| O|  |TAMS 0x000000008755c600, 0x0000000087600000| Untracked 
| 100|0x0000000087600000, 0x0000000087700000, 0x0000000087700000|100%| O|  |TAMS 0x0000000087600000, 0x0000000087700000| Untracked 
| 101|0x0000000087700000, 0x0000000087800000, 0x0000000087800000|100%| O|  |TAMS 0x0000000087700000, 0x0000000087800000| Untracked 
| 102|0x0000000087800000, 0x0000000087900000, 0x0000000087900000|100%| O|  |TAMS 0x0000000087800000, 0x0000000087900000| Untracked 
| 103|0x0000000087900000, 0x0000000087a00000, 0x0000000087a00000|100%| O|  |TAMS 0x0000000087900000, 0x0000000087a00000| Untracked 
| 104|0x0000000087a00000, 0x0000000087b00000, 0x0000000087b00000|100%| O|  |TAMS 0x0000000087a00000, 0x0000000087b00000| Untracked 
| 105|0x0000000087b00000, 0x0000000087c00000, 0x0000000087c00000|100%| O|  |TAMS 0x0000000087b00000, 0x0000000087c00000| Untracked 
| 106|0x0000000087c00000, 0x0000000087d00000, 0x0000000087d00000|100%| O|  |TAMS 0x0000000087c00000, 0x0000000087d00000| Untracked 
| 107|0x0000000087d00000, 0x0000000087e00000, 0x0000000087e00000|100%| O|  |TAMS 0x0000000087d00000, 0x0000000087e00000| Untracked 
| 108|0x0000000087e00000, 0x0000000087f00000, 0x0000000087f00000|100%| O|  |TAMS 0x0000000087e00000, 0x0000000087f00000| Untracked 
| 109|0x0000000087f00000, 0x0000000088000000, 0x0000000088000000|100%| O|  |TAMS 0x0000000087f00000, 0x0000000088000000| Untracked 
| 110|0x0000000088000000, 0x0000000088100000, 0x0000000088100000|100%| O|  |TAMS 0x0000000088000000, 0x0000000088100000| Untracked 
| 111|0x0000000088100000, 0x0000000088200000, 0x0000000088200000|100%| O|  |TAMS 0x0000000088100000, 0x0000000088200000| Untracked 
| 112|0x0000000088200000, 0x0000000088200000, 0x0000000088300000|  0%| F|  |TAMS 0x0000000088200000, 0x0000000088200000| Untracked 
| 113|0x0000000088300000, 0x0000000088300000, 0x0000000088400000|  0%| F|  |TAMS 0x0000000088300000, 0x0000000088300000| Untracked 
| 114|0x0000000088400000, 0x0000000088400000, 0x0000000088500000|  0%| F|  |TAMS 0x0000000088400000, 0x0000000088400000| Untracked 
| 115|0x0000000088500000, 0x0000000088500000, 0x0000000088600000|  0%| F|  |TAMS 0x0000000088500000, 0x0000000088500000| Untracked 
| 116|0x0000000088600000, 0x0000000088600000, 0x0000000088700000|  0%| F|  |TAMS 0x0000000088600000, 0x0000000088600000| Untracked 
| 117|0x0000000088700000, 0x0000000088700000, 0x0000000088800000|  0%| F|  |TAMS 0x0000000088700000, 0x0000000088700000| Untracked 
| 118|0x0000000088800000, 0x0000000088800000, 0x0000000088900000|  0%| F|  |TAMS 0x0000000088800000, 0x0000000088800000| Untracked 
| 119|0x0000000088900000, 0x0000000088900000, 0x0000000088a00000|  0%| F|  |TAMS 0x0000000088900000, 0x0000000088900000| Untracked 
| 120|0x0000000088a00000, 0x0000000088a00000, 0x0000000088b00000|  0%| F|  |TAMS 0x0000000088a00000, 0x0000000088a00000| Untracked 
| 121|0x0000000088b00000, 0x0000000088b00000, 0x0000000088c00000|  0%| F|  |TAMS 0x0000000088b00000, 0x0000000088b00000| Untracked 
| 122|0x0000000088c00000, 0x0000000088c00000, 0x0000000088d00000|  0%| F|  |TAMS 0x0000000088c00000, 0x0000000088c00000| Untracked 
| 123|0x0000000088d00000, 0x0000000088d00000, 0x0000000088e00000|  0%| F|  |TAMS 0x0000000088d00000, 0x0000000088d00000| Untracked 
| 124|0x0000000088e00000, 0x0000000088e00000, 0x0000000088f00000|  0%| F|  |TAMS 0x0000000088e00000, 0x0000000088e00000| Untracked 
| 125|0x0000000088f00000, 0x0000000088f00000, 0x0000000089000000|  0%| F|  |TAMS 0x0000000088f00000, 0x0000000088f00000| Untracked 
| 126|0x0000000089000000, 0x0000000089000000, 0x0000000089100000|  0%| F|  |TAMS 0x0000000089000000, 0x0000000089000000| Untracked 
| 127|0x0000000089100000, 0x0000000089100000, 0x0000000089200000|  0%| F|  |TAMS 0x0000000089100000, 0x0000000089100000| Untracked 
| 128|0x0000000089200000, 0x0000000089200000, 0x0000000089300000|  0%| F|  |TAMS 0x0000000089200000, 0x0000000089200000| Untracked 
| 129|0x0000000089300000, 0x0000000089300000, 0x0000000089400000|  0%| F|  |TAMS 0x0000000089300000, 0x0000000089300000| Untracked 
| 130|0x0000000089400000, 0x0000000089400000, 0x0000000089500000|  0%| F|  |TAMS 0x0000000089400000, 0x0000000089400000| Untracked 
| 131|0x0000000089500000, 0x0000000089500000, 0x0000000089600000|  0%| F|  |TAMS 0x0000000089500000, 0x0000000089500000| Untracked 
| 132|0x0000000089600000, 0x0000000089600000, 0x0000000089700000|  0%| F|  |TAMS 0x0000000089600000, 0x0000000089600000| Untracked 
| 133|0x0000000089700000, 0x0000000089700000, 0x0000000089800000|  0%| F|  |TAMS 0x0000000089700000, 0x0000000089700000| Untracked 
| 134|0x0000000089800000, 0x0000000089800000, 0x0000000089900000|  0%| F|  |TAMS 0x0000000089800000, 0x0000000089800000| Untracked 
| 135|0x0000000089900000, 0x0000000089900000, 0x0000000089a00000|  0%| F|  |TAMS 0x0000000089900000, 0x0000000089900000| Untracked 
| 136|0x0000000089a00000, 0x0000000089a82780, 0x0000000089b00000| 50%| S|CS|TAMS 0x0000000089a00000, 0x0000000089a00000| Complete 
| 137|0x0000000089b00000, 0x0000000089c00000, 0x0000000089c00000|100%| S|CS|TAMS 0x0000000089b00000, 0x0000000089b00000| Complete 
| 138|0x0000000089c00000, 0x0000000089d00000, 0x0000000089d00000|100%| S|CS|TAMS 0x0000000089c00000, 0x0000000089c00000| Complete 
| 139|0x0000000089d00000, 0x0000000089e00000, 0x0000000089e00000|100%| S|CS|TAMS 0x0000000089d00000, 0x0000000089d00000| Complete 
| 140|0x0000000089e00000, 0x0000000089f00000, 0x0000000089f00000|100%| S|CS|TAMS 0x0000000089e00000, 0x0000000089e00000| Complete 
| 141|0x0000000089f00000, 0x0000000089f00000, 0x000000008a000000|  0%| F|  |TAMS 0x0000000089f00000, 0x0000000089f00000| Untracked 
| 142|0x000000008a000000, 0x000000008a000000, 0x000000008a100000|  0%| F|  |TAMS 0x000000008a000000, 0x000000008a000000| Untracked 
| 143|0x000000008a100000, 0x000000008a100000, 0x000000008a200000|  0%| F|  |TAMS 0x000000008a100000, 0x000000008a100000| Untracked 
| 144|0x000000008a200000, 0x000000008a200000, 0x000000008a300000|  0%| F|  |TAMS 0x000000008a200000, 0x000000008a200000| Untracked 
| 145|0x000000008a300000, 0x000000008a300000, 0x000000008a400000|  0%| F|  |TAMS 0x000000008a300000, 0x000000008a300000| Untracked 
| 146|0x000000008a400000, 0x000000008a400000, 0x000000008a500000|  0%| F|  |TAMS 0x000000008a400000, 0x000000008a400000| Untracked 
| 147|0x000000008a500000, 0x000000008a500000, 0x000000008a600000|  0%| F|  |TAMS 0x000000008a500000, 0x000000008a500000| Untracked 
| 148|0x000000008a600000, 0x000000008a600000, 0x000000008a700000|  0%| F|  |TAMS 0x000000008a600000, 0x000000008a600000| Untracked 
| 149|0x000000008a700000, 0x000000008a700000, 0x000000008a800000|  0%| F|  |TAMS 0x000000008a700000, 0x000000008a700000| Untracked 
| 150|0x000000008a800000, 0x000000008a800000, 0x000000008a900000|  0%| F|  |TAMS 0x000000008a800000, 0x000000008a800000| Untracked 
| 151|0x000000008a900000, 0x000000008a900000, 0x000000008aa00000|  0%| F|  |TAMS 0x000000008a900000, 0x000000008a900000| Untracked 
| 152|0x000000008aa00000, 0x000000008aa00000, 0x000000008ab00000|  0%| F|  |TAMS 0x000000008aa00000, 0x000000008aa00000| Untracked 
| 153|0x000000008ab00000, 0x000000008ab00000, 0x000000008ac00000|  0%| F|  |TAMS 0x000000008ab00000, 0x000000008ab00000| Untracked 
| 154|0x000000008ac00000, 0x000000008ac00000, 0x000000008ad00000|  0%| F|  |TAMS 0x000000008ac00000, 0x000000008ac00000| Untracked 
| 155|0x000000008ad00000, 0x000000008ad00000, 0x000000008ae00000|  0%| F|  |TAMS 0x000000008ad00000, 0x000000008ad00000| Untracked 
| 156|0x000000008ae00000, 0x000000008ae00000, 0x000000008af00000|  0%| F|  |TAMS 0x000000008ae00000, 0x000000008ae00000| Untracked 
| 157|0x000000008af00000, 0x000000008af00000, 0x000000008b000000|  0%| F|  |TAMS 0x000000008af00000, 0x000000008af00000| Untracked 
| 158|0x000000008b000000, 0x000000008b000000, 0x000000008b100000|  0%| F|  |TAMS 0x000000008b000000, 0x000000008b000000| Untracked 
| 159|0x000000008b100000, 0x000000008b100000, 0x000000008b200000|  0%| F|  |TAMS 0x000000008b100000, 0x000000008b100000| Untracked 
| 160|0x000000008b200000, 0x000000008b200000, 0x000000008b300000|  0%| F|  |TAMS 0x000000008b200000, 0x000000008b200000| Untracked 
| 161|0x000000008b300000, 0x000000008b300000, 0x000000008b400000|  0%| F|  |TAMS 0x000000008b300000, 0x000000008b300000| Untracked 
| 162|0x000000008b400000, 0x000000008b400000, 0x000000008b500000|  0%| F|  |TAMS 0x000000008b400000, 0x000000008b400000| Untracked 
| 163|0x000000008b500000, 0x000000008b500000, 0x000000008b600000|  0%| F|  |TAMS 0x000000008b500000, 0x000000008b500000| Untracked 
| 164|0x000000008b600000, 0x000000008b600000, 0x000000008b700000|  0%| F|  |TAMS 0x000000008b600000, 0x000000008b600000| Untracked 
| 165|0x000000008b700000, 0x000000008b700000, 0x000000008b800000|  0%| F|  |TAMS 0x000000008b700000, 0x000000008b700000| Untracked 
| 166|0x000000008b800000, 0x000000008b800000, 0x000000008b900000|  0%| F|  |TAMS 0x000000008b800000, 0x000000008b800000| Untracked 
| 167|0x000000008b900000, 0x000000008b900000, 0x000000008ba00000|  0%| F|  |TAMS 0x000000008b900000, 0x000000008b900000| Untracked 
| 168|0x000000008ba00000, 0x000000008ba00000, 0x000000008bb00000|  0%| F|  |TAMS 0x000000008ba00000, 0x000000008ba00000| Untracked 
| 169|0x000000008bb00000, 0x000000008bb00000, 0x000000008bc00000|  0%| F|  |TAMS 0x000000008bb00000, 0x000000008bb00000| Untracked 
| 170|0x000000008bc00000, 0x000000008bc00000, 0x000000008bd00000|  0%| F|  |TAMS 0x000000008bc00000, 0x000000008bc00000| Untracked 
| 171|0x000000008bd00000, 0x000000008bd00000, 0x000000008be00000|  0%| F|  |TAMS 0x000000008bd00000, 0x000000008bd00000| Untracked 
| 172|0x000000008be00000, 0x000000008be00000, 0x000000008bf00000|  0%| F|  |TAMS 0x000000008be00000, 0x000000008be00000| Untracked 
| 173|0x000000008bf00000, 0x000000008bf00000, 0x000000008c000000|  0%| F|  |TAMS 0x000000008bf00000, 0x000000008bf00000| Untracked 
| 174|0x000000008c000000, 0x000000008c000000, 0x000000008c100000|  0%| F|  |TAMS 0x000000008c000000, 0x000000008c000000| Untracked 
| 175|0x000000008c100000, 0x000000008c100000, 0x000000008c200000|  0%| F|  |TAMS 0x000000008c100000, 0x000000008c100000| Untracked 
| 176|0x000000008c200000, 0x000000008c200000, 0x000000008c300000|  0%| F|  |TAMS 0x000000008c200000, 0x000000008c200000| Untracked 
| 177|0x000000008c300000, 0x000000008c300000, 0x000000008c400000|  0%| F|  |TAMS 0x000000008c300000, 0x000000008c300000| Untracked 
| 178|0x000000008c400000, 0x000000008c400000, 0x000000008c500000|  0%| F|  |TAMS 0x000000008c400000, 0x000000008c400000| Untracked 
| 179|0x000000008c500000, 0x000000008c500000, 0x000000008c600000|  0%| F|  |TAMS 0x000000008c500000, 0x000000008c500000| Untracked 
| 180|0x000000008c600000, 0x000000008c600000, 0x000000008c700000|  0%| F|  |TAMS 0x000000008c600000, 0x000000008c600000| Untracked 
| 181|0x000000008c700000, 0x000000008c700000, 0x000000008c800000|  0%| F|  |TAMS 0x000000008c700000, 0x000000008c700000| Untracked 
| 182|0x000000008c800000, 0x000000008c800000, 0x000000008c900000|  0%| F|  |TAMS 0x000000008c800000, 0x000000008c800000| Untracked 
| 183|0x000000008c900000, 0x000000008c900000, 0x000000008ca00000|  0%| F|  |TAMS 0x000000008c900000, 0x000000008c900000| Untracked 
| 184|0x000000008ca00000, 0x000000008ca00000, 0x000000008cb00000|  0%| F|  |TAMS 0x000000008ca00000, 0x000000008ca00000| Untracked 
| 185|0x000000008cb00000, 0x000000008cb00000, 0x000000008cc00000|  0%| F|  |TAMS 0x000000008cb00000, 0x000000008cb00000| Untracked 
| 186|0x000000008cc00000, 0x000000008cc00000, 0x000000008cd00000|  0%| F|  |TAMS 0x000000008cc00000, 0x000000008cc00000| Untracked 
| 187|0x000000008cd00000, 0x000000008cd00000, 0x000000008ce00000|  0%| F|  |TAMS 0x000000008cd00000, 0x000000008cd00000| Untracked 
| 188|0x000000008ce00000, 0x000000008ce00000, 0x000000008cf00000|  0%| F|  |TAMS 0x000000008ce00000, 0x000000008ce00000| Untracked 
| 189|0x000000008cf00000, 0x000000008cf00000, 0x000000008d000000|  0%| F|  |TAMS 0x000000008cf00000, 0x000000008cf00000| Untracked 
| 190|0x000000008d000000, 0x000000008d000000, 0x000000008d100000|  0%| F|  |TAMS 0x000000008d000000, 0x000000008d000000| Untracked 
| 191|0x000000008d100000, 0x000000008d100000, 0x000000008d200000|  0%| F|  |TAMS 0x000000008d100000, 0x000000008d100000| Untracked 
| 192|0x000000008d200000, 0x000000008d200000, 0x000000008d300000|  0%| F|  |TAMS 0x000000008d200000, 0x000000008d200000| Untracked 
| 193|0x000000008d300000, 0x000000008d300000, 0x000000008d400000|  0%| F|  |TAMS 0x000000008d300000, 0x000000008d300000| Untracked 
| 194|0x000000008d400000, 0x000000008d400000, 0x000000008d500000|  0%| F|  |TAMS 0x000000008d400000, 0x000000008d400000| Untracked 
| 195|0x000000008d500000, 0x000000008d500000, 0x000000008d600000|  0%| F|  |TAMS 0x000000008d500000, 0x000000008d500000| Untracked 
| 196|0x000000008d600000, 0x000000008d600000, 0x000000008d700000|  0%| F|  |TAMS 0x000000008d600000, 0x000000008d600000| Untracked 
| 197|0x000000008d700000, 0x000000008d700000, 0x000000008d800000|  0%| F|  |TAMS 0x000000008d700000, 0x000000008d700000| Untracked 
| 198|0x000000008d800000, 0x000000008d800000, 0x000000008d900000|  0%| F|  |TAMS 0x000000008d800000, 0x000000008d800000| Untracked 
| 199|0x000000008d900000, 0x000000008d900000, 0x000000008da00000|  0%| F|  |TAMS 0x000000008d900000, 0x000000008d900000| Untracked 
| 200|0x000000008da00000, 0x000000008da00000, 0x000000008db00000|  0%| F|  |TAMS 0x000000008da00000, 0x000000008da00000| Untracked 
| 201|0x000000008db00000, 0x000000008db00000, 0x000000008dc00000|  0%| F|  |TAMS 0x000000008db00000, 0x000000008db00000| Untracked 
| 202|0x000000008dc00000, 0x000000008dc00000, 0x000000008dd00000|  0%| F|  |TAMS 0x000000008dc00000, 0x000000008dc00000| Untracked 
| 203|0x000000008dd00000, 0x000000008dd00000, 0x000000008de00000|  0%| F|  |TAMS 0x000000008dd00000, 0x000000008dd00000| Untracked 
| 204|0x000000008de00000, 0x000000008de00000, 0x000000008df00000|  0%| F|  |TAMS 0x000000008de00000, 0x000000008de00000| Untracked 
| 205|0x000000008df00000, 0x000000008df00000, 0x000000008e000000|  0%| F|  |TAMS 0x000000008df00000, 0x000000008df00000| Untracked 
| 206|0x000000008e000000, 0x000000008e000000, 0x000000008e100000|  0%| F|  |TAMS 0x000000008e000000, 0x000000008e000000| Untracked 
| 207|0x000000008e100000, 0x000000008e100000, 0x000000008e200000|  0%| F|  |TAMS 0x000000008e100000, 0x000000008e100000| Untracked 
| 208|0x000000008e200000, 0x000000008e200000, 0x000000008e300000|  0%| F|  |TAMS 0x000000008e200000, 0x000000008e200000| Untracked 
| 209|0x000000008e300000, 0x000000008e300000, 0x000000008e400000|  0%| F|  |TAMS 0x000000008e300000, 0x000000008e300000| Untracked 
| 210|0x000000008e400000, 0x000000008e400000, 0x000000008e500000|  0%| F|  |TAMS 0x000000008e400000, 0x000000008e400000| Untracked 
| 211|0x000000008e500000, 0x000000008e500000, 0x000000008e600000|  0%| F|  |TAMS 0x000000008e500000, 0x000000008e500000| Untracked 
| 212|0x000000008e600000, 0x000000008e600000, 0x000000008e700000|  0%| F|  |TAMS 0x000000008e600000, 0x000000008e600000| Untracked 
| 213|0x000000008e700000, 0x000000008e700000, 0x000000008e800000|  0%| F|  |TAMS 0x000000008e700000, 0x000000008e700000| Untracked 
| 214|0x000000008e800000, 0x000000008e800000, 0x000000008e900000|  0%| F|  |TAMS 0x000000008e800000, 0x000000008e800000| Untracked 
| 215|0x000000008e900000, 0x000000008e900000, 0x000000008ea00000|  0%| F|  |TAMS 0x000000008e900000, 0x000000008e900000| Untracked 
| 216|0x000000008ea00000, 0x000000008ea00000, 0x000000008eb00000|  0%| F|  |TAMS 0x000000008ea00000, 0x000000008ea00000| Untracked 
| 217|0x000000008eb00000, 0x000000008eb00000, 0x000000008ec00000|  0%| F|  |TAMS 0x000000008eb00000, 0x000000008eb00000| Untracked 
| 218|0x000000008ec00000, 0x000000008ec00000, 0x000000008ed00000|  0%| F|  |TAMS 0x000000008ec00000, 0x000000008ec00000| Untracked 
| 219|0x000000008ed00000, 0x000000008ed00000, 0x000000008ee00000|  0%| F|  |TAMS 0x000000008ed00000, 0x000000008ed00000| Untracked 
| 220|0x000000008ee00000, 0x000000008ee00000, 0x000000008ef00000|  0%| F|  |TAMS 0x000000008ee00000, 0x000000008ee00000| Untracked 

Card table byte_map: [0x0000025def5b0000,0x0000025def9b0000] _byte_map_base: 0x0000025def1a7000

Marking Bits (Prev, Next): (CMBitMap*) 0x0000025dd8702380, (CMBitMap*) 0x0000025dd8702340
 Prev Bits: [0x0000025df1d70000, 0x0000025df3d28000)
 Next Bits: [0x0000025defdb0000, 0x0000025df1d68000)

Polling page: 0x0000025dd6490000

Metaspace:

Usage:
  Non-class:     24.30 MB used.
      Class:      3.37 MB used.
       Both:     27.66 MB used.

Virtual space:
  Non-class space:       32.00 MB reserved,      24.38 MB ( 76%) committed,  4 nodes.
      Class space:        1.00 GB reserved,       3.44 MB ( <1%) committed,  1 nodes.
             Both:        1.03 GB reserved,      27.81 MB (  3%) committed. 

Chunk freelists:
   Non-Class:  3.64 MB
       Class:  528.00 KB
        Both:  4.16 MB

MaxMetaspaceSize: unlimited
CompressedClassSpaceSize: 1.00 GB
Initial GC threshold: 21.00 MB
Current GC threshold: 36.25 MB
CDS: on
MetaspaceReclaimPolicy: balanced
 - commit_granule_bytes: 65536.
 - commit_granule_words: 8192.
 - virtual_space_node_default_size: 1048576.
 - enlarge_chunks_in_place: 1.
 - new_chunks_are_fully_committed: 0.
 - uncommit_free_chunks: 1.
 - use_allocation_guard: 0.
 - handle_deallocations: 1.


Internal statistics:

num_allocs_failed_limit: 9.
num_arena_births: 144.
num_arena_deaths: 0.
num_vsnodes_births: 5.
num_vsnodes_deaths: 0.
num_space_committed: 445.
num_space_uncommitted: 0.
num_chunks_returned_to_freelist: 9.
num_chunks_taken_from_freelist: 840.
num_chunk_merges: 9.
num_chunk_splits: 641.
num_chunks_enlarged: 546.
num_purges: 0.
num_inconsistent_stats: 0.

CodeHeap 'non-profiled nmethods': size=120000Kb used=1956Kb max_used=1956Kb free=118043Kb
 bounds [0x0000025de7c80000, 0x0000025de7ef0000, 0x0000025def1b0000]
CodeHeap 'profiled nmethods': size=120000Kb used=5079Kb max_used=5079Kb free=114920Kb
 bounds [0x0000025de01b0000, 0x0000025de06b0000, 0x0000025de76e0000]
CodeHeap 'non-nmethods': size=5760Kb used=1306Kb max_used=1384Kb free=4453Kb
 bounds [0x0000025de76e0000, 0x0000025de7950000, 0x0000025de7c80000]
 total_blobs=3362 nmethods=2728 adapters=546
 compilation: enabled
              stopped_count=0, restarted_count=0
 full_count=0

Compilation events (20 events):
Event: 8.684 Thread 0x0000025df7c26fe0 nmethod 2729 0x0000025de7e59690 code [0x0000025de7e59820, 0x0000025de7e59bd8]
Event: 8.684 Thread 0x0000025df7c26fe0 2731       4       sun.security.jca.GetInstance::getService (66 bytes)
Event: 8.685 Thread 0x0000025df7c26fe0 nmethod 2731 0x0000025de7e59f10 code [0x0000025de7e5a0a0, 0x0000025de7e5a1a8]
Event: 8.685 Thread 0x0000025df7c26fe0 2732       4       java.security.MessageDigest::getInstance (81 bytes)
Event: 8.685 Thread 0x0000025df621dc20 nmethod 2730 0x0000025de7e5a310 code [0x0000025de7e5a4c0, 0x0000025de7e5aa78]
Event: 8.685 Thread 0x0000025df621dc20 2728       4       java.util.zip.ZipFile::getZipEntry (322 bytes)
Event: 8.696 Thread 0x0000025df7c26fe0 nmethod 2732 0x0000025de7e5ae90 code [0x0000025de7e5b060, 0x0000025de7e5b548]
Event: 8.696 Thread 0x0000025df7c26fe0 2725       4       java.util.zip.ZipFile$ZipEntryIterator::nextElement (5 bytes)
Event: 8.708 Thread 0x0000025df621dc20 nmethod 2728 0x0000025de7e5bc90 code [0x0000025de7e5be60, 0x0000025de7e5d118]
Event: 8.708 Thread 0x0000025df621dc20 2734  s    4       java.util.Vector::addElement (24 bytes)
Event: 8.712 Thread 0x0000025df621dc20 nmethod 2734 0x0000025de7e5dc10 code [0x0000025de7e5dda0, 0x0000025de7e5e1c8]
Event: 8.712 Thread 0x0000025df621dc20 2704       4       java.util.zip.ZipFile$ZipFileInputStream::<init> (96 bytes)
Event: 8.716 Thread 0x0000025df621dc20 nmethod 2704 0x0000025de7e5e390 code [0x0000025de7e5e520, 0x0000025de7e5e8d8]
Event: 8.716 Thread 0x0000025df621dc20 2705       4       java.util.zip.ZipFile$ZipFileInflaterInputStream::<init> (14 bytes)
Event: 8.723 Thread 0x0000025df7c26fe0 nmethod 2725 0x0000025de7e5eb10 code [0x0000025de7e5ece0, 0x0000025de7e60098]
Event: 8.723 Thread 0x0000025df7c26fe0 2735   !   4       java.util.zip.ZipFile$ZipEntryIterator::next (71 bytes)
Event: 8.727 Thread 0x0000025df7c26fe0 nmethod 2735 0x0000025de7e60c10 code [0x0000025de7e60da0, 0x0000025de7e61228]
Event: 8.732 Thread 0x0000025df7c26fe0 2736       4       sun.security.util.ManifestEntryVerifier::verify (456 bytes)
Event: 8.736 Thread 0x0000025df621dc20 nmethod 2705 0x0000025de7e61510 code [0x0000025de7e61700, 0x0000025de7e629a8]
Event: 8.873 Thread 0x0000025df7c26fe0 nmethod 2736 0x0000025de7e63010 code [0x0000025de7e63380, 0x0000025de7e66fa8]

GC Heap History (20 events):
Event: 0.324 GC heap after
{Heap after GC invocations=1 (full 0):
 garbage-first heap   total 131072K, used 11819K [0x0000000081200000, 0x0000000100000000)
  region size 1024K, 2 young (2048K), 2 survivors (2048K)
 Metaspace       used 440K, committed 640K, reserved 1056768K
  class space    used 23K, committed 128K, reserved 1048576K
}
Event: 0.416 GC heap before
{Heap before GC invocations=1 (full 0):
 garbage-first heap   total 131072K, used 28203K [0x0000000081200000, 0x0000000100000000)
  region size 1024K, 18 young (18432K), 2 survivors (2048K)
 Metaspace       used 442K, committed 640K, reserved 1056768K
  class space    used 23K, committed 128K, reserved 1048576K
}
Event: 0.427 GC heap after
{Heap after GC invocations=2 (full 0):
 garbage-first heap   total 131072K, used 21201K [0x0000000081200000, 0x0000000100000000)
  region size 1024K, 3 young (3072K), 3 survivors (3072K)
 Metaspace       used 442K, committed 640K, reserved 1056768K
  class space    used 23K, committed 128K, reserved 1048576K
}
Event: 0.511 GC heap before
{Heap before GC invocations=2 (full 0):
 garbage-first heap   total 131072K, used 54993K [0x0000000081200000, 0x0000000100000000)
  region size 1024K, 22 young (22528K), 3 survivors (3072K)
 Metaspace       used 504K, committed 704K, reserved 1056768K
  class space    used 26K, committed 128K, reserved 1048576K
}
Event: 0.522 GC heap after
{Heap after GC invocations=3 (full 0):
 garbage-first heap   total 131072K, used 39936K [0x0000000081200000, 0x0000000100000000)
  region size 1024K, 3 young (3072K), 3 survivors (3072K)
 Metaspace       used 504K, committed 704K, reserved 1056768K
  class space    used 26K, committed 128K, reserved 1048576K
}
Event: 1.050 GC heap before
{Heap before GC invocations=3 (full 0):
 garbage-first heap   total 131072K, used 65536K [0x0000000081200000, 0x0000000100000000)
  region size 1024K, 28 young (28672K), 3 survivors (3072K)
 Metaspace       used 3837K, committed 4032K, reserved 1056768K
  class space    used 382K, committed 512K, reserved 1048576K
}
Event: 1.059 GC heap after
{Heap after GC invocations=4 (full 0):
 garbage-first heap   total 131072K, used 42986K [0x0000000081200000, 0x0000000100000000)
  region size 1024K, 4 young (4096K), 4 survivors (4096K)
 Metaspace       used 3837K, committed 4032K, reserved 1056768K
  class space    used 382K, committed 512K, reserved 1048576K
}
Event: 1.936 GC heap before
{Heap before GC invocations=4 (full 0):
 garbage-first heap   total 131072K, used 104426K [0x0000000081200000, 0x0000000100000000)
  region size 1024K, 54 young (55296K), 4 survivors (4096K)
 Metaspace       used 10227K, committed 10432K, reserved 1064960K
  class space    used 1118K, committed 1216K, reserved 1048576K
}
Event: 1.957 GC heap after
{Heap after GC invocations=5 (full 0):
 garbage-first heap   total 226304K, used 64117K [0x0000000081200000, 0x0000000100000000)
  region size 1024K, 7 young (7168K), 7 survivors (7168K)
 Metaspace       used 10227K, committed 10432K, reserved 1064960K
  class space    used 1118K, committed 1216K, reserved 1048576K
}
Event: 2.374 GC heap before
{Heap before GC invocations=5 (full 0):
 garbage-first heap   total 226304K, used 164469K [0x0000000081200000, 0x0000000100000000)
  region size 1024K, 80 young (81920K), 7 survivors (7168K)
 Metaspace       used 11271K, committed 11392K, reserved 1064960K
  class space    used 1281K, committed 1344K, reserved 1048576K
}
Event: 2.391 GC heap after
{Heap after GC invocations=6 (full 0):
 garbage-first heap   total 226304K, used 74741K [0x0000000081200000, 0x0000000100000000)
  region size 1024K, 10 young (10240K), 10 survivors (10240K)
 Metaspace       used 11271K, committed 11392K, reserved 1064960K
  class space    used 1281K, committed 1344K, reserved 1048576K
}
Event: 3.462 GC heap before
{Heap before GC invocations=6 (full 0):
 garbage-first heap   total 226304K, used 187381K [0x0000000081200000, 0x0000000100000000)
  region size 1024K, 95 young (97280K), 10 survivors (10240K)
 Metaspace       used 16956K, committed 17152K, reserved 1064960K
  class space    used 2018K, committed 2112K, reserved 1048576K
}
Event: 3.482 GC heap after
{Heap after GC invocations=7 (full 0):
 garbage-first heap   total 226304K, used 98673K [0x0000000081200000, 0x0000000100000000)
  region size 1024K, 12 young (12288K), 12 survivors (12288K)
 Metaspace       used 16956K, committed 17152K, reserved 1064960K
  class space    used 2018K, committed 2112K, reserved 1048576K
}
Event: 5.898 GC heap before
{Heap before GC invocations=7 (full 0):
 garbage-first heap   total 226304K, used 175473K [0x0000000081200000, 0x0000000100000000)
  region size 1024K, 73 young (74752K), 12 survivors (12288K)
 Metaspace       used 21341K, committed 21504K, reserved 1073152K
  class space    used 2518K, committed 2624K, reserved 1048576K
}
Event: 5.917 GC heap after
{Heap after GC invocations=8 (full 0):
 garbage-first heap   total 226304K, used 103396K [0x0000000081200000, 0x0000000100000000)
  region size 1024K, 9 young (9216K), 9 survivors (9216K)
 Metaspace       used 21341K, committed 21504K, reserved 1073152K
  class space    used 2518K, committed 2624K, reserved 1048576K
}
Event: 7.410 GC heap before
{Heap before GC invocations=9 (full 0):
 garbage-first heap   total 226304K, used 126948K [0x0000000081200000, 0x0000000100000000)
  region size 1024K, 69 young (70656K), 9 survivors (9216K)
 Metaspace       used 28316K, committed 28480K, reserved 1081344K
  class space    used 3446K, committed 3520K, reserved 1048576K
}
Event: 7.428 GC heap after
{Heap after GC invocations=10 (full 0):
 garbage-first heap   total 226304K, used 75119K [0x0000000081200000, 0x0000000100000000)
  region size 1024K, 9 young (9216K), 9 survivors (9216K)
 Metaspace       used 28316K, committed 28480K, reserved 1081344K
  class space    used 3446K, committed 3520K, reserved 1048576K
}
Event: 7.452 GC heap before
{Heap before GC invocations=10 (full 0):
 garbage-first heap   total 226304K, used 77167K [0x0000000081200000, 0x0000000100000000)
  region size 1024K, 11 young (11264K), 9 survivors (9216K)
 Metaspace       used 28316K, committed 28480K, reserved 1081344K
  class space    used 3446K, committed 3520K, reserved 1048576K
}
Event: 7.463 GC heap after
{Heap after GC invocations=11 (full 0):
 garbage-first heap   total 226304K, used 73728K [0x0000000081200000, 0x0000000100000000)
  region size 1024K, 1 young (1024K), 1 survivors (1024K)
 Metaspace       used 28316K, committed 28480K, reserved 1081344K
  class space    used 3446K, committed 3520K, reserved 1048576K
}
Event: 8.902 GC heap before
{Heap before GC invocations=11 (full 0):
 garbage-first heap   total 226304K, used 154624K [0x0000000081200000, 0x0000000100000000)
  region size 1024K, 80 young (81920K), 1 survivors (1024K)
 Metaspace       used 28325K, committed 28480K, reserved 1081344K
  class space    used 3446K, committed 3520K, reserved 1048576K
}

Dll operation events (13 events):
Event: 0.041 Loaded shared library C:\Users\Kanuria\.jdks\corretto-17.0.6\bin\java.dll
Event: 0.052 Loaded shared library C:\Users\Kanuria\.jdks\corretto-17.0.6\bin\jsvml.dll
Event: 0.126 Loaded shared library C:\Users\Kanuria\.jdks\corretto-17.0.6\bin\zip.dll
Event: 0.131 Loaded shared library C:\Users\Kanuria\.jdks\corretto-17.0.6\bin\instrument.dll
Event: 0.138 Loaded shared library C:\Users\Kanuria\.jdks\corretto-17.0.6\bin\net.dll
Event: 0.140 Loaded shared library C:\Users\Kanuria\.jdks\corretto-17.0.6\bin\nio.dll
Event: 0.143 Loaded shared library C:\Users\Kanuria\.jdks\corretto-17.0.6\bin\zip.dll
Event: 0.581 Loaded shared library C:\Users\Kanuria\.jdks\corretto-17.0.6\bin\jimage.dll
Event: 0.719 Loaded shared library C:\Users\Kanuria\.jdks\corretto-17.0.6\bin\sunmscapi.dll
Event: 0.932 Loaded shared library C:\Users\Kanuria\.jdks\corretto-17.0.6\bin\verify.dll
Event: 1.313 Loaded shared library C:\Users\Kanuria\.jdks\corretto-17.0.6\bin\management.dll
Event: 1.315 Loaded shared library C:\Users\Kanuria\.jdks\corretto-17.0.6\bin\management_ext.dll
Event: 3.900 Loaded shared library C:\Users\Kanuria\AppData\Local\Temp\io_grpc_netty_shaded_netty_tcnative_windows_x86_6416464779438848872479.dll

Deoptimization events (20 events):
Event: 6.616 Thread 0x0000025df7aa0030 Uncommon trap: trap_request=0xffffff45 fr.pc=0x0000025de7dd7710 relative=0x0000000000005150
Event: 6.616 Thread 0x0000025df7aa0030 Uncommon trap: reason=unstable_if action=reinterpret pc=0x0000025de7dd7710 method=jdk.internal.loader.BuiltinClassLoader.loadClassOrNull(Ljava/lang/String;Z)Ljava/lang/Class; @ 93 c2
Event: 6.616 Thread 0x0000025df7aa0030 DEOPT PACKING pc=0x0000025de7dd7710 sp=0x000000beef6fae70
Event: 6.616 Thread 0x0000025df7aa0030 DEOPT UNPACKING pc=0x0000025de77369a3 sp=0x000000beef6faed0 mode 2
Event: 6.838 Thread 0x0000025df7aa0030 Uncommon trap: trap_request=0xffffff45 fr.pc=0x0000025de7d2564c relative=0x00000000000001ac
Event: 6.838 Thread 0x0000025df7aa0030 Uncommon trap: reason=unstable_if action=reinterpret pc=0x0000025de7d2564c method=java.util.LinkedHashMap.entrySet()Ljava/util/Set; @ 6 c2
Event: 6.838 Thread 0x0000025df7aa0030 DEOPT PACKING pc=0x0000025de7d2564c sp=0x000000beef6fe1a0
Event: 6.838 Thread 0x0000025df7aa0030 DEOPT UNPACKING pc=0x0000025de77369a3 sp=0x000000beef6fe0f0 mode 2
Event: 7.466 Thread 0x0000025df7aa0030 Uncommon trap: trap_request=0xffffffcc fr.pc=0x0000025de7e0835c relative=0x0000000000002c5c
Event: 7.466 Thread 0x0000025df7aa0030 Uncommon trap: reason=intrinsic_or_type_checked_inlining action=make_not_entrant pc=0x0000025de7e0835c method=java.util.ArrayList.toArray([Ljava/lang/Object;)[Ljava/lang/Object; @ 36 c2
Event: 7.467 Thread 0x0000025df7aa0030 DEOPT PACKING pc=0x0000025de7e0835c sp=0x000000beef6fe1e0
Event: 7.467 Thread 0x0000025df7aa0030 DEOPT UNPACKING pc=0x0000025de77369a3 sp=0x000000beef6fe0b8 mode 2
Event: 7.565 Thread 0x0000025df7aa0030 Uncommon trap: trap_request=0xfffffff4 fr.pc=0x0000025de7e0d61c relative=0x000000000000027c
Event: 7.565 Thread 0x0000025df7aa0030 Uncommon trap: reason=null_check action=make_not_entrant pc=0x0000025de7e0d61c method=sun.security.util.ManifestEntryVerifier.verify(Ljava/util/Hashtable;Ljava/util/Hashtable;Ljava/util/Map;)[Ljava/security/CodeSigner; @ 69 c2
Event: 7.565 Thread 0x0000025df7aa0030 DEOPT PACKING pc=0x0000025de7e0d61c sp=0x000000beef6fe0e0
Event: 7.565 Thread 0x0000025df7aa0030 DEOPT UNPACKING pc=0x0000025de77369a3 sp=0x000000beef6fe0f8 mode 2
Event: 8.031 Thread 0x0000025df7aa0030 Uncommon trap: trap_request=0xffffff45 fr.pc=0x0000025de7e2c580 relative=0x0000000000003e60
Event: 8.031 Thread 0x0000025df7aa0030 Uncommon trap: reason=unstable_if action=reinterpret pc=0x0000025de7e2c580 method=java.util.Hashtable.remove(Ljava/lang/Object;)Ljava/lang/Object; @ 51 c2
Event: 8.031 Thread 0x0000025df7aa0030 DEOPT PACKING pc=0x0000025de7e2c580 sp=0x000000beef6fe0f0
Event: 8.031 Thread 0x0000025df7aa0030 DEOPT UNPACKING pc=0x0000025de77369a3 sp=0x000000beef6fe028 mode 2

Classes unloaded (0 events):
No events

Classes redefined (11 events):
Event: 6.646 Thread 0x0000025df61f8e00 redefined class name=java.util.TimerThread, count=1
Event: 6.646 Thread 0x0000025df61f8e00 redefined class name=java.util.concurrent.AbstractExecutorService, count=1
Event: 6.646 Thread 0x0000025df61f8e00 redefined class name=java.nio.channels.spi.AbstractInterruptibleChannel, count=1
Event: 6.646 Thread 0x0000025df61f8e00 redefined class name=java.nio.channels.spi.AbstractSelector, count=1
Event: 6.646 Thread 0x0000025df61f8e00 redefined class name=java.io.FileInputStream, count=1
Event: 6.646 Thread 0x0000025df61f8e00 redefined class name=java.io.FileOutputStream, count=1
Event: 6.646 Thread 0x0000025df61f8e00 redefined class name=java.io.RandomAccessFile, count=1
Event: 6.646 Thread 0x0000025df61f8e00 redefined class name=java.util.zip.ZipFile, count=1
Event: 6.646 Thread 0x0000025df61f8e00 redefined class name=java.nio.channels.spi.AbstractSelectableChannel, count=2
Event: 6.646 Thread 0x0000025df61f8e00 redefined class name=java.nio.channels.FileChannel, count=2
Event: 6.646 Thread 0x0000025df61f8e00 redefined class name=java.nio.file.Files, count=1

Internal exceptions (20 events):
Event: 6.115 Thread 0x0000025df7aa0030 Exception <a 'java/lang/NoSuchMethodError'{0x000000008e401ef8}: 'java.lang.Object java.lang.invoke.DirectMethodHandle$Holder.invokeStaticInit(java.lang.Object, java.lang.Object, java.lang.Object)'> (0x000000008e401ef8) 
thrown [s\src\hotspot\share\interpreter\linkResolver.cpp, line 759]
Event: 6.124 Thread 0x0000025df7aa0030 Exception <a 'java/lang/NoSuchMethodError'{0x000000008e44a3e8}: 'long java.lang.invoke.DirectMethodHandle$Holder.invokeSpecial(java.lang.Object, java.lang.Object)'> (0x000000008e44a3e8) 
thrown [s\src\hotspot\share\interpreter\linkResolver.cpp, line 759]
Event: 6.127 Thread 0x0000025df7aa0030 Exception <a 'java/lang/NoSuchMethodError'{0x000000008e455578}: 'long java.lang.invoke.DirectMethodHandle$Holder.invokeStatic(java.lang.Object, java.lang.Object)'> (0x000000008e455578) 
thrown [s\src\hotspot\share\interpreter\linkResolver.cpp, line 759]
Event: 6.127 Thread 0x0000025df7aa0030 Exception <a 'java/lang/NoSuchMethodError'{0x000000008e4588d0}: 'long java.lang.invoke.DirectMethodHandle$Holder.invokeStaticInit(java.lang.Object, java.lang.Object)'> (0x000000008e4588d0) 
thrown [s\src\hotspot\share\interpreter\linkResolver.cpp, line 759]
Event: 6.131 Thread 0x0000025df7aa0030 Exception <a 'java/lang/NoSuchMethodError'{0x000000008e472160}: 'long java.lang.invoke.DirectMethodHandle$Holder.invokeInterface(java.lang.Object, java.lang.Object)'> (0x000000008e472160) 
thrown [s\src\hotspot\share\interpreter\linkResolver.cpp, line 759]
Event: 6.131 Thread 0x0000025df7aa0030 Exception <a 'java/lang/IncompatibleClassChangeError'{0x000000008e475448}: Found class java.lang.Object, but interface was expected> (0x000000008e475448) 
thrown [s\src\hotspot\share\interpreter\linkResolver.cpp, line 826]
Event: 6.188 Thread 0x0000025df7aa0030 Exception <a 'java/lang/NoSuchMethodError'{0x000000008e27a7b8}: 'java.lang.Object java.lang.invoke.DirectMethodHandle$Holder.newInvokeSpecial(java.lang.Object, java.lang.Object, java.lang.Object, java.lang.Object, java.lang.Object)'> (0x000000008e27a7b8) 
thrown [s\src\hotspot\share\interpreter\linkResolver.cpp, line 759]
Event: 6.295 Thread 0x0000025df7aa0030 Exception <a 'java/lang/NoSuchMethodError'{0x000000008e0eec70}: 'java.lang.Object java.lang.invoke.DirectMethodHandle$Holder.invokeStatic(java.lang.Object, long, long)'> (0x000000008e0eec70) 
thrown [s\src\hotspot\share\interpreter\linkResolver.cpp, line 759]
Event: 6.323 Thread 0x0000025df7aa0030 Exception <a 'java/lang/NoSuchMethodError'{0x000000008df6bef0}: 'int java.lang.invoke.DirectMethodHandle$Holder.invokeSpecialIFC(java.lang.Object, java.lang.Object, java.lang.Object)'> (0x000000008df6bef0) 
thrown [s\src\hotspot\share\interpreter\linkResolver.cpp, line 759]
Event: 6.352 Thread 0x0000025df7aa0030 Exception <a 'java/lang/NoSuchMethodError'{0x000000008dfc9978}: 'void java.lang.invoke.DirectMethodHandle$Holder.invokeVirtual(java.lang.Object, java.lang.Object)'> (0x000000008dfc9978) 
thrown [s\src\hotspot\share\interpreter\linkResolver.cpp, line 759]
Event: 6.353 Thread 0x0000025df7aa0030 Exception <a 'java/lang/IncompatibleClassChangeError'{0x000000008dfd1df8}: Found class java.lang.Object, but interface was expected> (0x000000008dfd1df8) 
thrown [s\src\hotspot\share\interpreter\linkResolver.cpp, line 826]
Event: 6.353 Thread 0x0000025df7aa0030 Exception <a 'java/lang/NoSuchMethodError'{0x000000008dfd4c98}: 'int java.lang.invoke.DirectMethodHandle$Holder.invokeVirtual(java.lang.Object, java.lang.Object)'> (0x000000008dfd4c98) 
thrown [s\src\hotspot\share\interpreter\linkResolver.cpp, line 759]
Event: 6.440 Thread 0x0000025df7aa0030 Implicit null exception at 0x0000025de7cc010e to 0x0000025de7cc0378
Event: 6.486 Thread 0x0000025df7aa0030 Exception <a 'java/lang/NoSuchMethodError'{0x000000008db67628}: 'int java.lang.invoke.DirectMethodHandle$Holder.invokeStaticInit(java.lang.Object, java.lang.Object, java.lang.Object)'> (0x000000008db67628) 
thrown [s\src\hotspot\share\interpreter\linkResolver.cpp, line 759]
Event: 6.577 Thread 0x0000025df7aa0030 Exception <a 'java/lang/IncompatibleClassChangeError'{0x000000008da67590}: Found class java.lang.Object, but interface was expected> (0x000000008da67590) 
thrown [s\src\hotspot\share\interpreter\linkResolver.cpp, line 826]
Event: 6.624 Thread 0x0000025df7aa0030 Exception <a 'java/lang/NoSuchMethodError'{0x000000008d9a3188}: 'int java.lang.invoke.DirectMethodHandle$Holder.invokeStatic(java.lang.Object)'> (0x000000008d9a3188) 
thrown [s\src\hotspot\share\interpreter\linkResolver.cpp, line 759]
Event: 6.624 Thread 0x0000025df7aa0030 Exception <a 'java/lang/NoSuchMethodError'{0x000000008d9a6830}: 'int java.lang.invoke.DirectMethodHandle$Holder.invokeStaticInit(java.lang.Object)'> (0x000000008d9a6830) 
thrown [s\src\hotspot\share\interpreter\linkResolver.cpp, line 759]
Event: 6.657 Thread 0x0000025df7aa0030 Exception <a 'java/lang/NoSuchMethodError'{0x000000008d8911b0}: 'void java.lang.invoke.DirectMethodHandle$Holder.invokeStatic(java.lang.Object, java.lang.Object, java.lang.Object, java.lang.Object)'> (0x000000008d8911b0) 
thrown [s\src\hotspot\share\interpreter\linkResolver.cpp, line 759]
Event: 6.796 Thread 0x0000025df7aa0030 Exception <a 'java/lang/NoSuchMethodError'{0x000000008d408238}: 'java.lang.Object java.lang.invoke.DirectMethodHandle$Holder.invokeStatic(java.lang.Object, java.lang.Object, int)'> (0x000000008d408238) 
thrown [s\src\hotspot\share\interpreter\linkResolver.cpp, line 759]
Event: 6.806 Thread 0x0000025df7aa0030 Exception <a 'java/lang/NoSuchMethodError'{0x000000008d437618}: 'java.lang.Object java.lang.invoke.DirectMethodHandle$Holder.invokeSpecial(java.lang.Object, java.lang.Object, java.lang.Object, java.lang.Object, int)'> (0x000000008d437618) 
thrown [s\src\hotspot\share\interpreter\linkResolver.cpp, line 759]

VM Operations (20 events):
Event: 6.021 Executing VM operation: G1Concurrent done
Event: 6.175 Executing VM operation: HandshakeAllThreads
Event: 6.176 Executing VM operation: HandshakeAllThreads done
Event: 6.347 Executing VM operation: HandshakeAllThreads
Event: 6.348 Executing VM operation: HandshakeAllThreads done
Event: 6.518 Executing VM operation: HandshakeAllThreads
Event: 6.518 Executing VM operation: HandshakeAllThreads done
Event: 6.553 Executing VM operation: HandshakeAllThreads
Event: 6.553 Executing VM operation: HandshakeAllThreads done
Event: 6.616 Executing VM operation: HandshakeAllThreads
Event: 6.616 Executing VM operation: HandshakeAllThreads done
Event: 6.639 Executing VM operation: RedefineClasses
Event: 6.654 Executing VM operation: RedefineClasses done
Event: 7.410 Executing VM operation: G1CollectForAllocation
Event: 7.428 Executing VM operation: G1CollectForAllocation done
Event: 7.452 Executing VM operation: G1CollectForAllocation
Event: 7.464 Executing VM operation: G1CollectForAllocation done
Event: 8.471 Executing VM operation: Cleanup
Event: 8.471 Executing VM operation: Cleanup done
Event: 8.902 Executing VM operation: G1CollectForAllocation

Events (20 events):
Event: 6.827 loading class com/diffblue/cover/commons/reflect/h
Event: 6.827 loading class com/diffblue/cover/commons/reflect/h done
Event: 6.829 loading class com/diffblue/cover/commons/reflect/o
Event: 6.829 loading class com/diffblue/cover/commons/reflect/o done
Event: 6.830 loading class com/diffblue/cover/sandbox/c/c
Event: 6.830 loading class com/diffblue/cover/sandbox/c/c done
Event: 6.831 loading class com/diffblue/cover/sandbox/c/a
Event: 6.831 loading class com/diffblue/cover/sandbox/c/a done
Event: 6.832 loading class com/diffblue/cover/sandbox/c/a$a
Event: 6.832 loading class com/diffblue/cover/sandbox/c/a$a done
Event: 6.833 loading class com/diffblue/cover/sandbox/c/b
Event: 6.833 loading class com/diffblue/cover/sandbox/c/b done
Event: 6.834 loading class com/diffblue/cover/sandbox/c/d
Event: 6.834 loading class com/diffblue/cover/sandbox/c/d done
Event: 6.835 loading class com/diffblue/cover/sandbox/c/f$1
Event: 6.835 loading class com/diffblue/cover/sandbox/c/f$1 done
Event: 6.837 loading class com/diffblue/cover/sandbox/execution/TemporaryThreadDomain
Event: 6.837 loading class com/diffblue/cover/sandbox/execution/TemporaryThreadDomain done
Event: 6.860 loading class java/util/zip/ZipFile$ZipEntryIterator
Event: 6.861 loading class java/util/zip/ZipFile$ZipEntryIterator done


Dynamic libraries:
0x00007ff7cb110000 - 0x00007ff7cb11d000 	C:\Users\Kanuria\.jdks\corretto-17.0.6\bin\java.exe
0x00007ff975890000 - 0x00007ff975a88000 	C:\WINDOWS\SYSTEM32\ntdll.dll
0x00007ff974480000 - 0x00007ff97453f000 	C:\WINDOWS\System32\KERNEL32.DLL
0x00007ff9735f0000 - 0x00007ff9738c2000 	C:\WINDOWS\System32\KERNELBASE.dll
0x00007ff973250000 - 0x00007ff973350000 	C:\WINDOWS\System32\ucrtbase.dll
0x00007ff969840000 - 0x00007ff969857000 	C:\Users\Kanuria\.jdks\corretto-17.0.6\bin\jli.dll
0x00007ff95fda0000 - 0x00007ff95fdb5000 	C:\Users\Kanuria\.jdks\corretto-17.0.6\bin\VCRUNTIME140.dll
0x00007ff9745f0000 - 0x00007ff974791000 	C:\WINDOWS\System32\USER32.dll
0x00007ff9615e0000 - 0x00007ff96187a000 	C:\WINDOWS\WinSxS\amd64_microsoft.windows.common-controls_6595b64144ccf1df_6.0.19041.1110_none_60b5254171f9507e\COMCTL32.dll
0x00007ff973460000 - 0x00007ff973482000 	C:\WINDOWS\System32\win32u.dll
0x00007ff973af0000 - 0x00007ff973b8e000 	C:\WINDOWS\System32\msvcrt.dll
0x00007ff973e10000 - 0x00007ff973e3b000 	C:\WINDOWS\System32\GDI32.dll
0x00007ff973350000 - 0x00007ff97345f000 	C:\WINDOWS\System32\gdi32full.dll
0x00007ff973010000 - 0x00007ff9730ad000 	C:\WINDOWS\System32\msvcp_win.dll
0x00007ff973c90000 - 0x00007ff973cc2000 	C:\WINDOWS\System32\IMM32.DLL
0x00007ff942630000 - 0x00007ff9426cb000 	C:\Users\Kanuria\.jdks\corretto-17.0.6\bin\msvcp140.dll
0x00007ff933880000 - 0x00007ff934498000 	C:\Users\Kanuria\.jdks\corretto-17.0.6\bin\server\jvm.dll
0x00007ff974850000 - 0x00007ff9748fe000 	C:\WINDOWS\System32\ADVAPI32.dll
0x00007ff973b90000 - 0x00007ff973c2c000 	C:\WINDOWS\System32\sechost.dll
0x00007ff973cd0000 - 0x00007ff973df5000 	C:\WINDOWS\System32\RPCRT4.dll
0x00007ff948a60000 - 0x00007ff948a69000 	C:\WINDOWS\SYSTEM32\WSOCK32.dll
0x00007ff961390000 - 0x00007ff9613b7000 	C:\WINDOWS\SYSTEM32\WINMM.dll
0x00007ff974900000 - 0x00007ff97496b000 	C:\WINDOWS\System32\WS2_32.dll
0x00007ff963060000 - 0x00007ff96306a000 	C:\WINDOWS\SYSTEM32\VERSION.dll
0x00007ff9717e0000 - 0x00007ff9717f2000 	C:\WINDOWS\SYSTEM32\kernel.appcore.dll
0x00007ff96bd80000 - 0x00007ff96bd8a000 	C:\Users\Kanuria\.jdks\corretto-17.0.6\bin\jimage.dll
0x00007ff96fdf0000 - 0x00007ff96ffd4000 	C:\WINDOWS\SYSTEM32\DBGHELP.DLL
0x00007ff95fe10000 - 0x00007ff95fe45000 	C:\WINDOWS\SYSTEM32\dbgcore.DLL
0x00007ff972f80000 - 0x00007ff973002000 	C:\WINDOWS\System32\bcryptPrimitives.dll
0x00007ff95d4c0000 - 0x00007ff95d4ce000 	C:\Users\Kanuria\.jdks\corretto-17.0.6\bin\instrument.dll
0x00007ff95a670000 - 0x00007ff95a695000 	C:\Users\Kanuria\.jdks\corretto-17.0.6\bin\java.dll
0x00007ff93d3a0000 - 0x00007ff93d476000 	C:\Users\Kanuria\.jdks\corretto-17.0.6\bin\jsvml.dll
0x00007ff974f80000 - 0x00007ff9756c4000 	C:\WINDOWS\System32\SHELL32.dll
0x00007ff970ec0000 - 0x00007ff971652000 	C:\WINDOWS\SYSTEM32\windows.storage.dll
0x00007ff973e40000 - 0x00007ff974195000 	C:\WINDOWS\System32\combase.dll
0x00007ff9729e0000 - 0x00007ff972a10000 	C:\WINDOWS\SYSTEM32\Wldp.dll
0x00007ff975730000 - 0x00007ff9757dd000 	C:\WINDOWS\System32\SHCORE.dll
0x00007ff973c30000 - 0x00007ff973c85000 	C:\WINDOWS\System32\shlwapi.dll
0x00007ff972ec0000 - 0x00007ff972edf000 	C:\WINDOWS\SYSTEM32\profapi.dll
0x00007ff95b6a0000 - 0x00007ff95b6b8000 	C:\Users\Kanuria\.jdks\corretto-17.0.6\bin\zip.dll
0x00007ff95e810000 - 0x00007ff95e829000 	C:\Users\Kanuria\.jdks\corretto-17.0.6\bin\net.dll
0x00007ff970c60000 - 0x00007ff970d6c000 	C:\WINDOWS\SYSTEM32\WINHTTP.dll
0x00007ff972740000 - 0x00007ff9727aa000 	C:\WINDOWS\system32\mswsock.dll
0x00007ff95baf0000 - 0x00007ff95bb05000 	C:\Users\Kanuria\.jdks\corretto-17.0.6\bin\nio.dll
0x00007ff95f7c0000 - 0x00007ff95f7ce000 	C:\Users\Kanuria\.jdks\corretto-17.0.6\bin\sunmscapi.dll
0x00007ff973490000 - 0x00007ff9735e6000 	C:\WINDOWS\System32\CRYPT32.dll
0x00007ff972a50000 - 0x00007ff972a77000 	C:\WINDOWS\SYSTEM32\ncrypt.dll
0x00007ff972a10000 - 0x00007ff972a4b000 	C:\WINDOWS\SYSTEM32\NTASN1.dll
0x00007ff960690000 - 0x00007ff9606a0000 	C:\Users\Kanuria\.jdks\corretto-17.0.6\bin\verify.dll
0x00007ff960280000 - 0x00007ff960289000 	C:\Users\Kanuria\.jdks\corretto-17.0.6\bin\management.dll
0x00007ff95ff70000 - 0x00007ff95ff7b000 	C:\Users\Kanuria\.jdks\corretto-17.0.6\bin\management_ext.dll
0x00007ff973ae0000 - 0x00007ff973ae8000 	C:\WINDOWS\System32\PSAPI.DLL
0x00007ff9723c0000 - 0x00007ff9723fb000 	C:\WINDOWS\SYSTEM32\IPHLPAPI.DLL
0x00007ff9757e0000 - 0x00007ff9757e8000 	C:\WINDOWS\System32\NSI.dll
0x00007ff966cd0000 - 0x00007ff966ce7000 	C:\WINDOWS\SYSTEM32\dhcpcsvc6.DLL
0x00007ff966790000 - 0x00007ff9667ad000 	C:\WINDOWS\SYSTEM32\dhcpcsvc.DLL
0x00007ff972410000 - 0x00007ff9724da000 	C:\WINDOWS\SYSTEM32\DNSAPI.dll
0x00007ff966960000 - 0x00007ff966967000 	C:\WINDOWS\system32\wshunix.dll
0x00007ff972940000 - 0x00007ff972958000 	C:\WINDOWS\SYSTEM32\CRYPTSP.dll
0x00007ff971fb0000 - 0x00007ff971fe4000 	C:\WINDOWS\system32\rsaenh.dll
0x00007ff973220000 - 0x00007ff973247000 	C:\WINDOWS\System32\bcrypt.dll
0x00007ff972e80000 - 0x00007ff972eae000 	C:\WINDOWS\SYSTEM32\USERENV.dll
0x00007ff972930000 - 0x00007ff97293c000 	C:\WINDOWS\SYSTEM32\CRYPTBASE.dll
0x00007ff937130000 - 0x00007ff9373f8000 	C:\Users\Kanuria\AppData\Local\Temp\io_grpc_netty_shaded_netty_tcnative_windows_x86_6416464779438848872479.dll

dbghelp: loaded successfully - version: 4.0.5 - missing functions: none
symbol engine: initialized successfully - sym options: 0x614 - pdb path: .;C:\Users\Kanuria\.jdks\corretto-17.0.6\bin;C:\WINDOWS\SYSTEM32;C:\WINDOWS\WinSxS\amd64_microsoft.windows.common-controls_6595b64144ccf1df_6.0.19041.1110_none_60b5254171f9507e;C:\Users\Kanuria\.jdks\corretto-17.0.6\bin\server;C:\Users\Kanuria\AppData\Local\Temp

VM Arguments:
jvm_args: -XX:+IgnoreUnrecognizedVMOptions -Xms128m -Xmx750m -Dsun.io.useCanonCaches=false -Dsun.java2d.metal=true -Djbr.catch.SIGABRT=true -Djdk.http.auth.tunneling.disabledSchemes="" -Djdk.attach.allowAttachSelf=true -Djdk.module.illegalAccess.silent=true -Dkotlinx.coroutines.debug=off -Xmx2029m -Dsplash=true -Dide.native.launcher=true -ea -javaagent:C:\Users\Kanuria\AppData\Roaming\JetBrains\IdeaIC2022.2\plugins\diffblue-cover-ij\lib\launcher-2023.01.02-shared-jar.jar -Dlogback.configurationFile=C:\Users\Kanuria\AppData\Local\Temp\diffblue\config\logback-remote-service.xml -Dcom.diffblue.springIsolationJar=C:\Users\Kanuria\AppData\Roaming\JetBrains\IdeaIC2022.2\plugins\diffblue-cover-ij\META-INF\cover-isolation-layer-2023.01.02.jar -Dcover.jar.path=C:\Users\Kanuria\AppData\Roaming\JetBrains\IdeaIC2022.2\plugins\diffblue-cover-ij\META-INF\cover-service-analyzer-2023.01.02.jar -Dcom.diffblue.assertionSuggestionJar=C:\Users\Kanuria\AppData\Roaming\JetBrains\IdeaIC2022.2\plugins\diffblue-cover-ij\META-INF\cover-service-analyzer-2023.01.02.jar -Dcover.main.class=com.diffblue.cover.service.analyzer.Main 
java_command: C:\Users\Kanuria\AppData\Roaming\JetBrains\IdeaIC2022.2\plugins\diffblue-cover-ij\lib\launcher-2023.01.02-shared-jar.jar --service-lifespan 1800 --monitoring-service-port 51740 --debug-log
java_class_path (initial): C:\Users\Kanuria\AppData\Roaming\JetBrains\IdeaIC2022.2\plugins\diffblue-cover-ij\lib\launcher-2023.01.02-shared-jar.jar
Launcher Type: SUN_STANDARD

[Global flags]
     intx CICompilerCount                          = 3                                         {product} {ergonomic}
     uint ConcGCThreads                            = 1                                         {product} {ergonomic}
     uint G1ConcRefinementThreads                  = 4                                         {product} {ergonomic}
   size_t G1HeapRegionSize                         = 1048576                                   {product} {ergonomic}
    uintx GCDrainStackTargetSize                   = 64                                        {product} {ergonomic}
     bool IgnoreUnrecognizedVMOptions              = true                                      {product} {command line}
   size_t InitialHeapSize                          = 134217728                                 {product} {command line}
   size_t MarkStackSize                            = 4194304                                   {product} {ergonomic}
   size_t MaxHeapSize                              = 2128609280                                {product} {command line, ergonomic}
   size_t MaxNewSize                               = 1277165568                                {product} {ergonomic}
   size_t MinHeapDeltaBytes                        = 1048576                                   {product} {ergonomic}
   size_t MinHeapSize                              = 134217728                                 {product} {command line}
    uintx NonNMethodCodeHeapSize                   = 5832780                                {pd product} {ergonomic}
    uintx NonProfiledCodeHeapSize                  = 122912730                              {pd product} {ergonomic}
    uintx ProfiledCodeHeapSize                     = 122912730                              {pd product} {ergonomic}
    uintx ReservedCodeCacheSize                    = 251658240                              {pd product} {ergonomic}
     bool SegmentedCodeCache                       = true                                      {product} {ergonomic}
   size_t SoftMaxHeapSize                          = 2128609280                             {manageable} {ergonomic}
     bool UseCompressedClassPointers               = true                           {product lp64_product} {ergonomic}
     bool UseCompressedOops                        = true                           {product lp64_product} {ergonomic}
     bool UseG1GC                                  = true                                      {product} {ergonomic}
     bool UseLargePagesIndividualAllocation        = false                                  {pd product} {ergonomic}

Logging:
Log output configuration:
 #0: stdout all=warning uptime,level,tags
 #1: stderr all=off uptime,level,tags

Environment Variables:
PATH=C:\Program Files (x86)\Common Files\Oracle\Java\javapath;C:\Python311\Scripts\;C:\Python311\;C:\Program Files (x86)\Intel\Intel(R) Management Engine Components\iCLS\;C:\Program Files\Intel\Intel(R) Management Engine Components\iCLS\;C:\WINDOWS\system32;C:\WINDOWS;C:\WINDOWS\System32\Wbem;C:\WINDOWS\System32\WindowsPowerShell\v1.0\;C:\WINDOWS\System32\OpenSSH\;C:\Program Files (x86)\Intel\Intel(R) Management Engine Components\DAL;C:\Program Files\Intel\Intel(R) Management Engine Components\DAL;C:\Program Files\Intel\WiFi\bin\;C:\Program Files\Common Files\Intel\WirelessCommon\;C:\ProgramData\chocolatey\bin;C:\Program Files\Git\cmd;C:\Program Files\Git\mingw64\bin;C:\Program Files\Git\usr\bin;C:\Program Files\nodejs\;C:\Program Files\Docker\Docker\resources\bin;C:\Users\Kanuria\AppData\Local\Programs\Python\Python39\Scripts\;C:\Users\Kanuria\AppData\Local\Programs\Python\Python39\;C:\Users\Kanuria\Desktop\python\Scripts\;C:\Users\Kanuria\Desktop\python\;C:\Users\Kanuria\AppData\Local\Microsoft\WindowsApps;C:\Program Files\JetBrains\PyCharm Community Edition 2021.1.2\bin;;C:\Users\Kanuria\AppData\Local\Programs\Microsoft VS Code\bin;C:\Program Files\PostgreSQL\15\bin;C:\Program Files\PostgreSQL\15\lib;C:\Users\Kanuria\AppData\Roaming\npm
USERNAME=Kanuria
OS=Windows_NT
PROCESSOR_IDENTIFIER=Intel64 Family 6 Model 142 Stepping 10, GenuineIntel
TMP=C:\Users\Kanuria\AppData\Local\Temp
TEMP=C:\Users\Kanuria\AppData\Local\Temp



---------------  S Y S T E M  ---------------

OS:
 Windows 10 , 64 bit Build 19041 (10.0.19041.2364)
OS uptime: 11 days 4:28 hours
Hyper-V role detected

CPU: total 4 (initial active 4) (2 cores per cpu, 2 threads per core) family 6 model 142 stepping 10 microcode 0xd6, cx8, cmov, fxsr, ht, mmx, 3dnowpref, sse, sse2, sse3, ssse3, sse4.1, sse4.2, popcnt, lzcnt, tsc, tscinvbit, avx, avx2, aes, erms, clmul, bmi1, bmi2, adx, fma, vzeroupper, clflush, clflushopt, hv

Memory: 4k page, system-wide physical 16238M (4988M free)
TotalPageFile size 17220M (AvailPageFile size 157M)
current process WorkingSet (physical memory assigned to process): 350M, peak: 363M
current process commit charge ("private bytes"): 385M, peak: 606M

vm_info: OpenJDK 64-Bit Server VM (17.0.6+10-LTS) for windows-amd64 JRE (17.0.6+10-LTS), built on Jan 13 2023 22:57:04 by "Administrator" with MS VC++ 15.9 (VS2017)

END.
