#
# There is insufficient memory for the Java Runtime Environment to continue.
# Native memory allocation (mmap) failed to map 98566144 bytes for G1 virtual space
# Possible reasons:
#   The system is out of physical RAM or swap space
#   The process is running with CompressedOops enabled, and the Java Heap may be blocking the growth of the native heap
# Possible solutions:
#   Reduce memory load on the system
#   Increase physical memory or swap space
#   Check if swap backing store is full
#   Decrease Java heap size (-Xmx/-Xms)
#   Decrease number of Java threads
#   Decrease Java thread stack sizes (-Xss)
#   Set larger code cache with -XX:ReservedCodeCacheSize=
#   JVM is running with Unscaled Compressed Oops mode in which the Java heap is
#     placed in the first 4GB address space. The Java Heap base address is the
#     maximum limit for the native heap growth. Please use -XX:HeapBaseMinAddress
#     to set the Java Heap base and to place the Java Heap above 4GB virtual address.
# This output file may be truncated or incomplete.
#
#  Out of Memory Error (os_windows.cpp:3557), pid=1448, tid=15100
#
# JRE version: OpenJDK Runtime Environment Corretto-17.0.6.10.1 (17.0.6+10) (build 17.0.6+10-LTS)
# Java VM: OpenJDK 64-Bit Server VM Corretto-17.0.6.10.1 (17.0.6+10-LTS, mixed mode, sharing, tiered, compressed oops, compressed class ptrs, g1 gc, windows-amd64)
# No core dump will be written. Minidumps are not enabled by default on client versions of Windows
#

---------------  S U M M A R Y ------------

Command Line: -XX:+IgnoreUnrecognizedVMOptions -Xms128m -Xmx750m -Dsun.io.useCanonCaches=false -Dsun.java2d.metal=true -Djbr.catch.SIGABRT=true -Djdk.http.auth.tunneling.disabledSchemes="" -Djdk.attach.allowAttachSelf=true -Djdk.module.illegalAccess.silent=true -Dkotlinx.coroutines.debug=off -Xmx2029m -Dsplash=true -Dide.native.launcher=true -ea -javaagent:C:\Users\Kanuria\AppData\Roaming\JetBrains\IdeaIC2022.2\plugins\diffblue-cover-ij\lib\launcher-2023.01.02-shared-jar.jar -Dlogback.configurationFile=C:\Users\Kanuria\AppData\Local\Temp\diffblue\config\logback-remote-service.xml -Dcom.diffblue.springIsolationJar=C:\Users\Kanuria\AppData\Roaming\JetBrains\IdeaIC2022.2\plugins\diffblue-cover-ij\META-INF\cover-isolation-layer-2023.01.02.jar -Dcover.jar.path=C:\Users\Kanuria\AppData\Roaming\JetBrains\IdeaIC2022.2\plugins\diffblue-cover-ij\META-INF\cover-service-analyzer-2023.01.02.jar -Dcom.diffblue.assertionSuggestionJar=C:\Users\Kanuria\AppData\Roaming\JetBrains\IdeaIC2022.2\plugins\diffblue-cover-ij\META-INF\cover-service-analyzer-2023.01.02.jar -Dcover.main.class=com.diffblue.cover.service.analyzer.Main C:\Users\Kanuria\AppData\Roaming\JetBrains\IdeaIC2022.2\plugins\diffblue-cover-ij\lib\launcher-2023.01.02-shared-jar.jar --service-lifespan 1800 --monitoring-service-port 51788 --debug-log

Host: Intel(R) Core(TM) i3-8130U CPU @ 2.20GHz, 4 cores, 15G,  Windows 10 , 64 bit Build 19041 (10.0.19041.2364)
Time: Mon Mar 27 19:30:41 2023 Turkey Standard Time elapsed time: 1.865943 seconds (0d 0h 0m 1s)

---------------  T H R E A D  ---------------

Current thread (0x0000028fbc005ea0):  VMThread "VM Thread" [stack: 0x000000cdb4d00000,0x000000cdb4e00000] [id=15100]

Stack: [0x000000cdb4d00000,0x000000cdb4e00000]
Native frames: (J=compiled Java code, j=interpreted, Vv=VM code, C=native code)
V  [jvm.dll+0x64b39a]
V  [jvm.dll+0x7ff044]
V  [jvm.dll+0x8007fe]
V  [jvm.dll+0x800e53]
V  [jvm.dll+0x235848]
V  [jvm.dll+0x6482fa]
V  [jvm.dll+0x63ca0a]
V  [jvm.dll+0x2f3d59]
V  [jvm.dll+0x2faee6]
V  [jvm.dll+0x34755a]
V  [jvm.dll+0x34779f]
V  [jvm.dll+0x2ca128]
V  [jvm.dll+0x2c8617]
V  [jvm.dll+0x2c7bfc]
V  [jvm.dll+0x30b12b]
V  [jvm.dll+0x80528b]
V  [jvm.dll+0x805f68]
V  [jvm.dll+0x806495]
V  [jvm.dll+0x806864]
V  [jvm.dll+0x80692e]
V  [jvm.dll+0x7b1d6a]
V  [jvm.dll+0x64a265]
C  [ucrtbase.dll+0x21bb2]
C  [KERNEL32.DLL+0x17614]
C  [ntdll.dll+0x526a1]

VM_Operation (0x000000cdb47fda80): G1CollectForAllocation, mode: safepoint, requested by thread 0x0000028f9e4fb320


---------------  P R O C E S S  ---------------

Threads class SMR info:
_java_thread_list=0x0000028fbd307600, length=14, elements={
0x0000028f9e4fb320, 0x0000028fbc009a00, 0x0000028fbc00bf30, 0x0000028fbc01fcf0,
0x0000028fbc021720, 0x0000028fbc022780, 0x0000028fbc0247f0, 0x0000028fbc030350,
0x0000028fbc035120, 0x0000028fbc042210, 0x0000028fbcc8d190, 0x0000028fbcd3a560,
0x0000028fbcdbce40, 0x0000028fbd1f02a0
}

Java Threads: ( => current thread )
  0x0000028f9e4fb320 JavaThread "main" [_thread_blocked, id=19060, stack(0x000000cdb4700000,0x000000cdb4800000)]
  0x0000028fbc009a00 JavaThread "Reference Handler" daemon [_thread_blocked, id=16004, stack(0x000000cdb4e00000,0x000000cdb4f00000)]
  0x0000028fbc00bf30 JavaThread "Finalizer" daemon [_thread_blocked, id=18548, stack(0x000000cdb4f00000,0x000000cdb5000000)]
  0x0000028fbc01fcf0 JavaThread "Signal Dispatcher" daemon [_thread_blocked, id=23768, stack(0x000000cdb5000000,0x000000cdb5100000)]
  0x0000028fbc021720 JavaThread "Attach Listener" daemon [_thread_blocked, id=23364, stack(0x000000cdb5100000,0x000000cdb5200000)]
  0x0000028fbc022780 JavaThread "Service Thread" daemon [_thread_blocked, id=3264, stack(0x000000cdb5200000,0x000000cdb5300000)]
  0x0000028fbc0247f0 JavaThread "Monitor Deflation Thread" daemon [_thread_blocked, id=21128, stack(0x000000cdb5300000,0x000000cdb5400000)]
  0x0000028fbc030350 JavaThread "C2 CompilerThread0" daemon [_thread_blocked, id=3700, stack(0x000000cdb5400000,0x000000cdb5500000)]
  0x0000028fbc035120 JavaThread "C1 CompilerThread0" daemon [_thread_blocked, id=504, stack(0x000000cdb5500000,0x000000cdb5600000)]
  0x0000028fbc042210 JavaThread "Sweeper thread" daemon [_thread_blocked, id=22372, stack(0x000000cdb5600000,0x000000cdb5700000)]
  0x0000028fbcc8d190 JavaThread "Common-Cleaner" daemon [_thread_blocked, id=13268, stack(0x000000cdb5700000,0x000000cdb5800000)]
  0x0000028fbcd3a560 JavaThread "Notification Thread" daemon [_thread_blocked, id=2340, stack(0x000000cdb5800000,0x000000cdb5900000)]
  0x0000028fbcdbce40 JavaThread "C2 CompilerThread1" daemon [_thread_blocked, id=9688, stack(0x000000cdb5a00000,0x000000cdb5b00000)]
  0x0000028fbd1f02a0 JavaThread "Service log dispatcher" [_thread_blocked, id=10456, stack(0x000000cdb6000000,0x000000cdb6100000)]

Other Threads:
=>0x0000028fbc005ea0 VMThread "VM Thread" [stack: 0x000000cdb4d00000,0x000000cdb4e00000] [id=15100]
  0x0000028fbcd7f7b0 WatcherThread [stack: 0x000000cdb5900000,0x000000cdb5a00000] [id=17508]
  0x0000028f9e5555a0 GCTaskThread "GC Thread#0" [stack: 0x000000cdb4800000,0x000000cdb4900000] [id=23404]
  0x0000028fbcebf8f0 GCTaskThread "GC Thread#1" [stack: 0x000000cdb5b00000,0x000000cdb5c00000] [id=23688]
  0x0000028fbcebfba0 GCTaskThread "GC Thread#2" [stack: 0x000000cdb5c00000,0x000000cdb5d00000] [id=18800]
  0x0000028fbd211850 GCTaskThread "GC Thread#3" [stack: 0x000000cdb5f00000,0x000000cdb6000000] [id=8]
  0x0000028f9e5671c0 ConcurrentGCThread "G1 Main Marker" [stack: 0x000000cdb4900000,0x000000cdb4a00000] [id=19492]
  0x0000028f9e569290 ConcurrentGCThread "G1 Conc#0" [stack: 0x000000cdb4a00000,0x000000cdb4b00000] [id=22464]
  0x0000028f9e5cd2a0 ConcurrentGCThread "G1 Refine#0" [stack: 0x000000cdb4b00000,0x000000cdb4c00000] [id=12996]
  0x0000028fbce6bad0 ConcurrentGCThread "G1 Refine#1" [stack: 0x000000cdb5d00000,0x000000cdb5e00000] [id=1656]
  0x0000028fbcdce1a0 ConcurrentGCThread "G1 Refine#2" [stack: 0x000000cdb5e00000,0x000000cdb5f00000] [id=17440]
  0x0000028f9e5cdbd0 ConcurrentGCThread "G1 Service" [stack: 0x000000cdb4c00000,0x000000cdb4d00000] [id=3816]

Threads with active compile tasks:
C2 CompilerThread0     1896 1436 %     4       java.util.jar.Manifest::read @ 48 (415 bytes)
C2 CompilerThread1     1896 1448       4       java.util.jar.Attributes::clone (9 bytes)

VM state: at safepoint (normal execution)

VM Mutex/Monitor currently owned by a thread:  ([mutex/lock_event])
[0x0000028f9e4f71a0] Threads_lock - owner thread: 0x0000028fbc005ea0
[0x0000028f9e4f6270] Heap_lock - owner thread: 0x0000028f9e4fb320

Heap address: 0x0000000081200000, size: 2030 MB, Compressed Oops mode: 32-bit

CDS archive(s) mapped at: [0x0000000800000000-0x0000000800bc0000-0x0000000800bc0000), size 12320768, SharedBaseAddress: 0x0000000800000000, ArchiveRelocationMode: 0.
Compressed class space mapped at: 0x0000000800c00000-0x0000000840c00000, reserved size: 1073741824
Narrow klass base: 0x0000000800000000, Narrow klass shift: 0, Narrow klass range: 0x100000000

GC Precious Log:
 CPUs: 4 total, 4 available
 Memory: 16238M
 Large Page Support: Disabled
 NUMA Support: Disabled
 Compressed Oops: Enabled (32-bit)
 Heap Region Size: 1M
 Heap Min Capacity: 128M
 Heap Initial Capacity: 128M
 Heap Max Capacity: 2030M
 Pre-touch: Disabled
 Parallel Workers: 4
 Concurrent Workers: 1
 Concurrent Refinement Workers: 4
 Periodic GC: Disabled

Heap:
 garbage-first heap   total 131072K, used 63898K [0x0000000081200000, 0x0000000100000000)
  region size 1024K, 7 young (7168K), 7 survivors (7168K)
 Metaspace       used 10223K, committed 10432K, reserved 1064960K
  class space    used 1119K, committed 1216K, reserved 1048576K

Heap Regions: E=young(eden), S=young(survivor), O=old, HS=humongous(starts), HC=humongous(continues), CS=collection set, F=free, OA=open archive, CA=closed archive, TAMS=top-at-mark-start (previous, next)
|   0|0x0000000081200000, 0x0000000081300000, 0x0000000081300000|100%|HS|  |TAMS 0x0000000081200000, 0x0000000081200000| Complete 
|   1|0x0000000081300000, 0x0000000081400000, 0x0000000081400000|100%|HC|  |TAMS 0x0000000081300000, 0x0000000081300000| Complete 
|   2|0x0000000081400000, 0x0000000081500000, 0x0000000081500000|100%|HC|  |TAMS 0x0000000081400000, 0x0000000081400000| Complete 
|   3|0x0000000081500000, 0x0000000081600000, 0x0000000081600000|100%|HC|  |TAMS 0x0000000081500000, 0x0000000081500000| Complete 
|   4|0x0000000081600000, 0x0000000081700000, 0x0000000081700000|100%| O|  |TAMS 0x0000000081600000, 0x0000000081600000| Untracked 
|   5|0x0000000081700000, 0x0000000081800000, 0x0000000081800000|100%| O|  |TAMS 0x0000000081700000, 0x0000000081700000| Untracked 
|   6|0x0000000081800000, 0x0000000081900000, 0x0000000081900000|100%| O|  |TAMS 0x0000000081800000, 0x0000000081800000| Untracked 
|   7|0x0000000081900000, 0x0000000081a00000, 0x0000000081a00000|100%| O|  |TAMS 0x0000000081900000, 0x0000000081900000| Untracked 
|   8|0x0000000081a00000, 0x0000000081b00000, 0x0000000081b00000|100%| O|  |TAMS 0x0000000081a00000, 0x0000000081a00000| Untracked 
|   9|0x0000000081b00000, 0x0000000081c00000, 0x0000000081c00000|100%|HS|  |TAMS 0x0000000081b00000, 0x0000000081b00000| Complete 
|  10|0x0000000081c00000, 0x0000000081d00000, 0x0000000081d00000|100%|HC|  |TAMS 0x0000000081c00000, 0x0000000081c00000| Complete 
|  11|0x0000000081d00000, 0x0000000081e00000, 0x0000000081e00000|100%|HC|  |TAMS 0x0000000081d00000, 0x0000000081d00000| Complete 
|  12|0x0000000081e00000, 0x0000000081f00000, 0x0000000081f00000|100%|HC|  |TAMS 0x0000000081e00000, 0x0000000081e00000| Complete 
|  13|0x0000000081f00000, 0x0000000082000000, 0x0000000082000000|100%|HC|  |TAMS 0x0000000081f00000, 0x0000000081f00000| Complete 
|  14|0x0000000082000000, 0x0000000082100000, 0x0000000082100000|100%| O|  |TAMS 0x0000000082000000, 0x0000000082000000| Untracked 
|  15|0x0000000082100000, 0x0000000082200000, 0x0000000082200000|100%| O|  |TAMS 0x0000000082100000, 0x0000000082100000| Untracked 
|  16|0x0000000082200000, 0x0000000082300000, 0x0000000082300000|100%| O|  |TAMS 0x0000000082200000, 0x0000000082200000| Untracked 
|  17|0x0000000082300000, 0x0000000082400000, 0x0000000082400000|100%| O|  |TAMS 0x0000000082300000, 0x0000000082300000| Untracked 
|  18|0x0000000082400000, 0x0000000082500000, 0x0000000082500000|100%| O|  |TAMS 0x0000000082400000, 0x0000000082400000| Untracked 
|  19|0x0000000082500000, 0x0000000082600000, 0x0000000082600000|100%| O|  |TAMS 0x0000000082500000, 0x0000000082500000| Untracked 
|  20|0x0000000082600000, 0x0000000082700000, 0x0000000082700000|100%| O|  |TAMS 0x0000000082600000, 0x0000000082600000| Untracked 
|  21|0x0000000082700000, 0x0000000082800000, 0x0000000082800000|100%| O|  |TAMS 0x0000000082700000, 0x0000000082700000| Untracked 
|  22|0x0000000082800000, 0x0000000082900000, 0x0000000082900000|100%| O|  |TAMS 0x0000000082800000, 0x0000000082800000| Untracked 
|  23|0x0000000082900000, 0x0000000082a00000, 0x0000000082a00000|100%|HS|  |TAMS 0x0000000082900000, 0x0000000082900000| Complete 
|  24|0x0000000082a00000, 0x0000000082b00000, 0x0000000082b00000|100%|HC|  |TAMS 0x0000000082a00000, 0x0000000082a00000| Complete 
|  25|0x0000000082b00000, 0x0000000082c00000, 0x0000000082c00000|100%|HC|  |TAMS 0x0000000082b00000, 0x0000000082b00000| Complete 
|  26|0x0000000082c00000, 0x0000000082d00000, 0x0000000082d00000|100%|HC|  |TAMS 0x0000000082c00000, 0x0000000082c00000| Complete 
|  27|0x0000000082d00000, 0x0000000082e00000, 0x0000000082e00000|100%|HC|  |TAMS 0x0000000082d00000, 0x0000000082d00000| Complete 
|  28|0x0000000082e00000, 0x0000000082f00000, 0x0000000082f00000|100%|HS|  |TAMS 0x0000000082e00000, 0x0000000082e00000| Complete 
|  29|0x0000000082f00000, 0x0000000083000000, 0x0000000083000000|100%|HC|  |TAMS 0x0000000082f00000, 0x0000000082f00000| Complete 
|  30|0x0000000083000000, 0x0000000083100000, 0x0000000083100000|100%|HC|  |TAMS 0x0000000083000000, 0x0000000083000000| Complete 
|  31|0x0000000083100000, 0x0000000083200000, 0x0000000083200000|100%|HC|  |TAMS 0x0000000083100000, 0x0000000083100000| Complete 
|  32|0x0000000083200000, 0x0000000083300000, 0x0000000083300000|100%|HC|  |TAMS 0x0000000083200000, 0x0000000083200000| Complete 
|  33|0x0000000083300000, 0x0000000083400000, 0x0000000083400000|100%| O|  |TAMS 0x0000000083300000, 0x0000000083300000| Untracked 
|  34|0x0000000083400000, 0x0000000083500000, 0x0000000083500000|100%| O|  |TAMS 0x0000000083400000, 0x0000000083400000| Untracked 
|  35|0x0000000083500000, 0x0000000083600000, 0x0000000083600000|100%| O|  |TAMS 0x0000000083500000, 0x0000000083500000| Untracked 
|  36|0x0000000083600000, 0x0000000083700000, 0x0000000083700000|100%| O|  |TAMS 0x0000000083600000, 0x0000000083600000| Untracked 
|  37|0x0000000083700000, 0x0000000083800000, 0x0000000083800000|100%| O|  |TAMS 0x0000000083700000, 0x0000000083700000| Untracked 
|  38|0x0000000083800000, 0x0000000083900000, 0x0000000083900000|100%| O|  |TAMS 0x0000000083800000, 0x0000000083800000| Untracked 
|  39|0x0000000083900000, 0x0000000083a00000, 0x0000000083a00000|100%| O|  |TAMS 0x0000000083900000, 0x0000000083900000| Untracked 
|  40|0x0000000083a00000, 0x0000000083b00000, 0x0000000083b00000|100%| O|  |TAMS 0x0000000083a00000, 0x0000000083a00000| Untracked 
|  41|0x0000000083b00000, 0x0000000083b00000, 0x0000000083c00000|  0%| F|  |TAMS 0x0000000083b00000, 0x0000000083b00000| Untracked 
|  42|0x0000000083c00000, 0x0000000083c00000, 0x0000000083d00000|  0%| F|  |TAMS 0x0000000083c00000, 0x0000000083c00000| Untracked 
|  43|0x0000000083d00000, 0x0000000083d00000, 0x0000000083e00000|  0%| F|  |TAMS 0x0000000083d00000, 0x0000000083d00000| Untracked 
|  44|0x0000000083e00000, 0x0000000083e00000, 0x0000000083f00000|  0%| F|  |TAMS 0x0000000083e00000, 0x0000000083e00000| Untracked 
|  45|0x0000000083f00000, 0x0000000083f00000, 0x0000000084000000|  0%| F|  |TAMS 0x0000000083f00000, 0x0000000083f00000| Untracked 
|  46|0x0000000084000000, 0x0000000084100000, 0x0000000084100000|100%|HS|  |TAMS 0x0000000084000000, 0x0000000084000000| Complete 
|  47|0x0000000084100000, 0x0000000084200000, 0x0000000084200000|100%|HC|  |TAMS 0x0000000084100000, 0x0000000084100000| Complete 
|  48|0x0000000084200000, 0x0000000084300000, 0x0000000084300000|100%|HC|  |TAMS 0x0000000084200000, 0x0000000084200000| Complete 
|  49|0x0000000084300000, 0x0000000084400000, 0x0000000084400000|100%|HC|  |TAMS 0x0000000084300000, 0x0000000084300000| Complete 
|  50|0x0000000084400000, 0x0000000084500000, 0x0000000084500000|100%|HC|  |TAMS 0x0000000084400000, 0x0000000084400000| Complete 
|  51|0x0000000084500000, 0x0000000084600000, 0x0000000084600000|100%| O|  |TAMS 0x0000000084500000, 0x0000000084500000| Untracked 
|  52|0x0000000084600000, 0x0000000084700000, 0x0000000084700000|100%| O|  |TAMS 0x0000000084600000, 0x0000000084600000| Untracked 
|  53|0x0000000084700000, 0x0000000084800000, 0x0000000084800000|100%| O|  |TAMS 0x0000000084700000, 0x0000000084700000| Untracked 
|  54|0x0000000084800000, 0x0000000084900000, 0x0000000084900000|100%| O|  |TAMS 0x0000000084800000, 0x0000000084800000| Untracked 
|  55|0x0000000084900000, 0x0000000084a00000, 0x0000000084a00000|100%| O|  |TAMS 0x0000000084900000, 0x0000000084900000| Untracked 
|  56|0x0000000084a00000, 0x0000000084b00000, 0x0000000084b00000|100%| O|  |TAMS 0x0000000084a00000, 0x0000000084a00000| Untracked 
|  57|0x0000000084b00000, 0x0000000084c00000, 0x0000000084c00000|100%| O|  |TAMS 0x0000000084b00000, 0x0000000084b00000| Untracked 
|  58|0x0000000084c00000, 0x0000000084d00000, 0x0000000084d00000|100%| O|  |TAMS 0x0000000084c00000, 0x0000000084c00000| Untracked 
|  59|0x0000000084d00000, 0x0000000084e00000, 0x0000000084e00000|100%| O|  |TAMS 0x0000000084d00000, 0x0000000084d00000| Untracked 
|  60|0x0000000084e00000, 0x0000000084e66800, 0x0000000084f00000| 40%| O|  |TAMS 0x0000000084e00000, 0x0000000084e00000| Untracked 
|  61|0x0000000084f00000, 0x0000000084f00000, 0x0000000085000000|  0%| F|  |TAMS 0x0000000084f00000, 0x0000000084f00000| Untracked 
|  62|0x0000000085000000, 0x0000000085000000, 0x0000000085100000|  0%| F|  |TAMS 0x0000000085000000, 0x0000000085000000| Untracked 
|  63|0x0000000085100000, 0x0000000085100000, 0x0000000085200000|  0%| F|  |TAMS 0x0000000085100000, 0x0000000085100000| Untracked 
|  64|0x0000000085200000, 0x0000000085200000, 0x0000000085300000|  0%| F|  |TAMS 0x0000000085200000, 0x0000000085200000| Untracked 
|  65|0x0000000085300000, 0x0000000085300000, 0x0000000085400000|  0%| F|  |TAMS 0x0000000085300000, 0x0000000085300000| Untracked 
|  66|0x0000000085400000, 0x0000000085400000, 0x0000000085500000|  0%| F|  |TAMS 0x0000000085400000, 0x0000000085400000| Untracked 
|  67|0x0000000085500000, 0x0000000085600000, 0x0000000085600000|100%| S|CS|TAMS 0x0000000085500000, 0x0000000085500000| Complete 
|  68|0x0000000085600000, 0x0000000085700000, 0x0000000085700000|100%| S|CS|TAMS 0x0000000085600000, 0x0000000085600000| Complete 
|  69|0x0000000085700000, 0x0000000085800000, 0x0000000085800000|100%| S|CS|TAMS 0x0000000085700000, 0x0000000085700000| Complete 
|  70|0x0000000085800000, 0x0000000085900000, 0x0000000085900000|100%| S|CS|TAMS 0x0000000085800000, 0x0000000085800000| Complete 
|  71|0x0000000085900000, 0x0000000085a00000, 0x0000000085a00000|100%| S|CS|TAMS 0x0000000085900000, 0x0000000085900000| Complete 
|  72|0x0000000085a00000, 0x0000000085b00000, 0x0000000085b00000|100%| S|CS|TAMS 0x0000000085a00000, 0x0000000085a00000| Complete 
|  73|0x0000000085b00000, 0x0000000085c00000, 0x0000000085c00000|100%| S|CS|TAMS 0x0000000085b00000, 0x0000000085b00000| Complete 
|  74|0x0000000085c00000, 0x0000000085c00000, 0x0000000085d00000|  0%| F|  |TAMS 0x0000000085c00000, 0x0000000085c00000| Untracked 
|  75|0x0000000085d00000, 0x0000000085d00000, 0x0000000085e00000|  0%| F|  |TAMS 0x0000000085d00000, 0x0000000085d00000| Untracked 
|  76|0x0000000085e00000, 0x0000000085e00000, 0x0000000085f00000|  0%| F|  |TAMS 0x0000000085e00000, 0x0000000085e00000| Untracked 
|  77|0x0000000085f00000, 0x0000000085f00000, 0x0000000086000000|  0%| F|  |TAMS 0x0000000085f00000, 0x0000000085f00000| Untracked 
|  78|0x0000000086000000, 0x0000000086000000, 0x0000000086100000|  0%| F|  |TAMS 0x0000000086000000, 0x0000000086000000| Untracked 
|  79|0x0000000086100000, 0x0000000086100000, 0x0000000086200000|  0%| F|  |TAMS 0x0000000086100000, 0x0000000086100000| Untracked 
|  80|0x0000000086200000, 0x0000000086200000, 0x0000000086300000|  0%| F|  |TAMS 0x0000000086200000, 0x0000000086200000| Untracked 
|  81|0x0000000086300000, 0x0000000086300000, 0x0000000086400000|  0%| F|  |TAMS 0x0000000086300000, 0x0000000086300000| Untracked 
|  82|0x0000000086400000, 0x0000000086400000, 0x0000000086500000|  0%| F|  |TAMS 0x0000000086400000, 0x0000000086400000| Untracked 
|  83|0x0000000086500000, 0x0000000086500000, 0x0000000086600000|  0%| F|  |TAMS 0x0000000086500000, 0x0000000086500000| Untracked 
|  84|0x0000000086600000, 0x0000000086600000, 0x0000000086700000|  0%| F|  |TAMS 0x0000000086600000, 0x0000000086600000| Untracked 
|  85|0x0000000086700000, 0x0000000086700000, 0x0000000086800000|  0%| F|  |TAMS 0x0000000086700000, 0x0000000086700000| Untracked 
|  86|0x0000000086800000, 0x0000000086800000, 0x0000000086900000|  0%| F|  |TAMS 0x0000000086800000, 0x0000000086800000| Untracked 
|  87|0x0000000086900000, 0x0000000086900000, 0x0000000086a00000|  0%| F|  |TAMS 0x0000000086900000, 0x0000000086900000| Untracked 
|  88|0x0000000086a00000, 0x0000000086a00000, 0x0000000086b00000|  0%| F|  |TAMS 0x0000000086a00000, 0x0000000086a00000| Untracked 
|  89|0x0000000086b00000, 0x0000000086b00000, 0x0000000086c00000|  0%| F|  |TAMS 0x0000000086b00000, 0x0000000086b00000| Untracked 
|  90|0x0000000086c00000, 0x0000000086c00000, 0x0000000086d00000|  0%| F|  |TAMS 0x0000000086c00000, 0x0000000086c00000| Untracked 
|  91|0x0000000086d00000, 0x0000000086d00000, 0x0000000086e00000|  0%| F|  |TAMS 0x0000000086d00000, 0x0000000086d00000| Untracked 
|  92|0x0000000086e00000, 0x0000000086e00000, 0x0000000086f00000|  0%| F|  |TAMS 0x0000000086e00000, 0x0000000086e00000| Untracked 
|  93|0x0000000086f00000, 0x0000000086f00000, 0x0000000087000000|  0%| F|  |TAMS 0x0000000086f00000, 0x0000000086f00000| Untracked 
|  94|0x0000000087000000, 0x0000000087000000, 0x0000000087100000|  0%| F|  |TAMS 0x0000000087000000, 0x0000000087000000| Untracked 
|  95|0x0000000087100000, 0x0000000087100000, 0x0000000087200000|  0%| F|  |TAMS 0x0000000087100000, 0x0000000087100000| Untracked 
|  96|0x0000000087200000, 0x0000000087200000, 0x0000000087300000|  0%| F|  |TAMS 0x0000000087200000, 0x0000000087200000| Untracked 
|  97|0x0000000087300000, 0x0000000087300000, 0x0000000087400000|  0%| F|  |TAMS 0x0000000087300000, 0x0000000087300000| Untracked 
|  98|0x0000000087400000, 0x0000000087400000, 0x0000000087500000|  0%| F|  |TAMS 0x0000000087400000, 0x0000000087400000| Untracked 
|  99|0x0000000087500000, 0x0000000087500000, 0x0000000087600000|  0%| F|  |TAMS 0x0000000087500000, 0x0000000087500000| Untracked 
| 100|0x0000000087600000, 0x0000000087600000, 0x0000000087700000|  0%| F|  |TAMS 0x0000000087600000, 0x0000000087600000| Untracked 
| 101|0x0000000087700000, 0x0000000087700000, 0x0000000087800000|  0%| F|  |TAMS 0x0000000087700000, 0x0000000087700000| Untracked 
| 102|0x0000000087800000, 0x0000000087800000, 0x0000000087900000|  0%| F|  |TAMS 0x0000000087800000, 0x0000000087800000| Untracked 
| 103|0x0000000087900000, 0x0000000087900000, 0x0000000087a00000|  0%| F|  |TAMS 0x0000000087900000, 0x0000000087900000| Untracked 
| 104|0x0000000087a00000, 0x0000000087a00000, 0x0000000087b00000|  0%| F|  |TAMS 0x0000000087a00000, 0x0000000087a00000| Untracked 
| 105|0x0000000087b00000, 0x0000000087b00000, 0x0000000087c00000|  0%| F|  |TAMS 0x0000000087b00000, 0x0000000087b00000| Untracked 
| 106|0x0000000087c00000, 0x0000000087c00000, 0x0000000087d00000|  0%| F|  |TAMS 0x0000000087c00000, 0x0000000087c00000| Untracked 
| 107|0x0000000087d00000, 0x0000000087d00000, 0x0000000087e00000|  0%| F|  |TAMS 0x0000000087d00000, 0x0000000087d00000| Untracked 
| 108|0x0000000087e00000, 0x0000000087e00000, 0x0000000087f00000|  0%| F|  |TAMS 0x0000000087e00000, 0x0000000087e00000| Untracked 
| 109|0x0000000087f00000, 0x0000000087f00000, 0x0000000088000000|  0%| F|  |TAMS 0x0000000087f00000, 0x0000000087f00000| Untracked 
| 110|0x0000000088000000, 0x0000000088000000, 0x0000000088100000|  0%| F|  |TAMS 0x0000000088000000, 0x0000000088000000| Untracked 
| 111|0x0000000088100000, 0x0000000088100000, 0x0000000088200000|  0%| F|  |TAMS 0x0000000088100000, 0x0000000088100000| Untracked 
| 112|0x0000000088200000, 0x0000000088200000, 0x0000000088300000|  0%| F|  |TAMS 0x0000000088200000, 0x0000000088200000| Untracked 
| 113|0x0000000088300000, 0x0000000088300000, 0x0000000088400000|  0%| F|  |TAMS 0x0000000088300000, 0x0000000088300000| Untracked 
| 114|0x0000000088400000, 0x0000000088400000, 0x0000000088500000|  0%| F|  |TAMS 0x0000000088400000, 0x0000000088400000| Untracked 
| 115|0x0000000088500000, 0x0000000088500000, 0x0000000088600000|  0%| F|  |TAMS 0x0000000088500000, 0x0000000088500000| Untracked 
| 116|0x0000000088600000, 0x0000000088600000, 0x0000000088700000|  0%| F|  |TAMS 0x0000000088600000, 0x0000000088600000| Untracked 
| 117|0x0000000088700000, 0x0000000088700000, 0x0000000088800000|  0%| F|  |TAMS 0x0000000088700000, 0x0000000088700000| Untracked 
| 118|0x0000000088800000, 0x0000000088800000, 0x0000000088900000|  0%| F|  |TAMS 0x0000000088800000, 0x0000000088800000| Untracked 
| 119|0x0000000088900000, 0x0000000088900000, 0x0000000088a00000|  0%| F|  |TAMS 0x0000000088900000, 0x0000000088900000| Untracked 
| 120|0x0000000088a00000, 0x0000000088a00000, 0x0000000088b00000|  0%| F|  |TAMS 0x0000000088a00000, 0x0000000088a00000| Untracked 
| 121|0x0000000088b00000, 0x0000000088b00000, 0x0000000088c00000|  0%| F|  |TAMS 0x0000000088b00000, 0x0000000088b00000| Untracked 
| 122|0x0000000088c00000, 0x0000000088c00000, 0x0000000088d00000|  0%| F|  |TAMS 0x0000000088c00000, 0x0000000088c00000| Untracked 
| 123|0x0000000088d00000, 0x0000000088d00000, 0x0000000088e00000|  0%| F|  |TAMS 0x0000000088d00000, 0x0000000088d00000| Untracked 
| 124|0x0000000088e00000, 0x0000000088e00000, 0x0000000088f00000|  0%| F|  |TAMS 0x0000000088e00000, 0x0000000088e00000| Untracked 
| 125|0x0000000088f00000, 0x0000000088f00000, 0x0000000089000000|  0%| F|  |TAMS 0x0000000088f00000, 0x0000000088f00000| Untracked 
| 126|0x0000000089000000, 0x0000000089000000, 0x0000000089100000|  0%| F|  |TAMS 0x0000000089000000, 0x0000000089000000| Untracked 
| 127|0x0000000089100000, 0x0000000089100000, 0x0000000089200000|  0%| F|  |TAMS 0x0000000089100000, 0x0000000089100000| Untracked 

Card table byte_map: [0x0000028fb5400000,0x0000028fb5800000] _byte_map_base: 0x0000028fb4ff7000

Marking Bits (Prev, Next): (CMBitMap*) 0x0000028f9e556ad0, (CMBitMap*) 0x0000028f9e556b10
 Prev Bits: [0x0000028fb5c00000, 0x0000028fb7bb8000)
 Next Bits: [0x0000028fb7bc0000, 0x0000028fb9b78000)

Polling page: 0x0000028f9c390000

Metaspace:

Usage:
  Non-class:      8.89 MB used.
      Class:      1.09 MB used.
       Both:      9.98 MB used.

Virtual space:
  Non-class space:       16.00 MB reserved,       9.00 MB ( 56%) committed,  2 nodes.
      Class space:        1.00 GB reserved,       1.19 MB ( <1%) committed,  1 nodes.
             Both:        1.02 GB reserved,      10.19 MB ( <1%) committed. 

Chunk freelists:
   Non-Class:  2.23 MB
       Class:  2.64 MB
        Both:  4.88 MB

MaxMetaspaceSize: unlimited
CompressedClassSpaceSize: 1.00 GB
Initial GC threshold: 21.00 MB
Current GC threshold: 21.00 MB
CDS: on
MetaspaceReclaimPolicy: balanced
 - commit_granule_bytes: 65536.
 - commit_granule_words: 8192.
 - virtual_space_node_default_size: 1048576.
 - enlarge_chunks_in_place: 1.
 - new_chunks_are_fully_committed: 0.
 - uncommit_free_chunks: 1.
 - use_allocation_guard: 0.
 - handle_deallocations: 1.


Internal statistics:

num_allocs_failed_limit: 0.
num_arena_births: 66.
num_arena_deaths: 0.
num_vsnodes_births: 3.
num_vsnodes_deaths: 0.
num_space_committed: 163.
num_space_uncommitted: 0.
num_chunks_returned_to_freelist: 0.
num_chunks_taken_from_freelist: 229.
num_chunk_merges: 0.
num_chunk_splits: 152.
num_chunks_enlarged: 114.
num_purges: 0.
num_inconsistent_stats: 0.

CodeHeap 'non-profiled nmethods': size=120000Kb used=645Kb max_used=645Kb free=119355Kb
 bounds [0x0000028fadad0000, 0x0000028fadd40000, 0x0000028fb5000000]
CodeHeap 'profiled nmethods': size=120000Kb used=2780Kb max_used=2780Kb free=117219Kb
 bounds [0x0000028fa6000000, 0x0000028fa62c0000, 0x0000028fad530000]
CodeHeap 'non-nmethods': size=5760Kb used=1198Kb max_used=1236Kb free=4561Kb
 bounds [0x0000028fad530000, 0x0000028fad7a0000, 0x0000028fadad0000]
 total_blobs=1939 nmethods=1439 adapters=413
 compilation: enabled
              stopped_count=0, restarted_count=0
 full_count=0

Compilation events (20 events):
Event: 1.735 Thread 0x0000028fbc030350 nmethod 1432 0x0000028fadb69490 code [0x0000028fadb69620, 0x0000028fadb69768]
Event: 1.735 Thread 0x0000028fbc030350 1435       4       java.util.ImmutableCollections$MapN::get (35 bytes)
Event: 1.751 Thread 0x0000028fbc030350 nmethod 1435 0x0000028fadb69890 code [0x0000028fadb69a40, 0x0000028fadb6a238]
Event: 1.751 Thread 0x0000028fbc030350 1434       4       java.util.LinkedHashMap::afterNodeInsertion (40 bytes)
Event: 1.752 Thread 0x0000028fbc030350 nmethod 1434 0x0000028fadb6a710 code [0x0000028fadb6a880, 0x0000028fadb6a918]
Event: 1.752 Thread 0x0000028fbc030350 1436 %     4       java.util.jar.Manifest::read @ 48 (415 bytes)
Event: 1.758 Thread 0x0000028fbc035120 1437       3       java.util.HashMap::putMapEntries (167 bytes)
Event: 1.759 Thread 0x0000028fbc035120 nmethod 1437 0x0000028fa62b4e90 code [0x0000028fa62b5160, 0x0000028fa62b5f88]
Event: 1.759 Thread 0x0000028fbc035120 1438       3       java.util.LinkedHashMap::<init> (16 bytes)
Event: 1.760 Thread 0x0000028fbc035120 nmethod 1438 0x0000028fa62b6390 code [0x0000028fa62b6540, 0x0000028fa62b67a8]
Event: 1.760 Thread 0x0000028fbc035120 1439       3       java.util.jar.Attributes::clone (9 bytes)
Event: 1.760 Thread 0x0000028fbc035120 nmethod 1439 0x0000028fa62b6910 code [0x0000028fa62b6ae0, 0x0000028fa62b6fc8]
Event: 1.794 Thread 0x0000028fbcdbce40 nmethod 1429% 0x0000028fadb6aa10 code [0x0000028fadb6ad40, 0x0000028fadb6dfc8]
Event: 1.796 Thread 0x0000028fbcdbce40 1447       4       java.util.HashMap::putMapEntries (167 bytes)
Event: 1.812 Thread 0x0000028fbcdbce40 nmethod 1447 0x0000028fadb6fa90 code [0x0000028fadb6fc80, 0x0000028fadb702e8]
Event: 1.812 Thread 0x0000028fbcdbce40 1440       4       java.util.LinkedHashMap$LinkedHashIterator::hasNext (13 bytes)
Event: 1.812 Thread 0x0000028fbcdbce40 nmethod 1440 0x0000028fadb70990 code [0x0000028fadb70b00, 0x0000028fadb70b98]
Event: 1.812 Thread 0x0000028fbcdbce40 1441       4       java.util.HashMap$KeyIterator::next (8 bytes)
Event: 1.820 Thread 0x0000028fbcdbce40 nmethod 1441 0x0000028fadb70c90 code [0x0000028fadb70e20, 0x0000028fadb71258]
Event: 1.820 Thread 0x0000028fbcdbce40 1448       4       java.util.jar.Attributes::clone (9 bytes)

GC Heap History (9 events):
Event: 0.237 GC heap before
{Heap before GC invocations=0 (full 0):
 garbage-first heap   total 131072K, used 26624K [0x0000000081200000, 0x0000000100000000)
  region size 1024K, 13 young (13312K), 0 survivors (0K)
 Metaspace       used 441K, committed 640K, reserved 1056768K
  class space    used 23K, committed 128K, reserved 1048576K
}
Event: 0.241 GC heap after
{Heap after GC invocations=1 (full 0):
 garbage-first heap   total 131072K, used 11819K [0x0000000081200000, 0x0000000100000000)
  region size 1024K, 2 young (2048K), 2 survivors (2048K)
 Metaspace       used 441K, committed 640K, reserved 1056768K
  class space    used 23K, committed 128K, reserved 1048576K
}
Event: 0.330 GC heap before
{Heap before GC invocations=1 (full 0):
 garbage-first heap   total 131072K, used 28203K [0x0000000081200000, 0x0000000100000000)
  region size 1024K, 18 young (18432K), 2 survivors (2048K)
 Metaspace       used 443K, committed 640K, reserved 1056768K
  class space    used 23K, committed 128K, reserved 1048576K
}
Event: 0.341 GC heap after
{Heap after GC invocations=2 (full 0):
 garbage-first heap   total 131072K, used 21237K [0x0000000081200000, 0x0000000100000000)
  region size 1024K, 3 young (3072K), 3 survivors (3072K)
 Metaspace       used 443K, committed 640K, reserved 1056768K
  class space    used 23K, committed 128K, reserved 1048576K
}
Event: 0.416 GC heap before
{Heap before GC invocations=2 (full 0):
 garbage-first heap   total 131072K, used 55029K [0x0000000081200000, 0x0000000100000000)
  region size 1024K, 22 young (22528K), 3 survivors (3072K)
 Metaspace       used 504K, committed 704K, reserved 1056768K
  class space    used 26K, committed 128K, reserved 1048576K
}
Event: 0.426 GC heap after
{Heap after GC invocations=3 (full 0):
 garbage-first heap   total 131072K, used 39936K [0x0000000081200000, 0x0000000100000000)
  region size 1024K, 3 young (3072K), 3 survivors (3072K)
 Metaspace       used 504K, committed 704K, reserved 1056768K
  class space    used 26K, committed 128K, reserved 1048576K
}
Event: 0.960 GC heap before
{Heap before GC invocations=3 (full 0):
 garbage-first heap   total 131072K, used 65536K [0x0000000081200000, 0x0000000100000000)
  region size 1024K, 28 young (28672K), 3 survivors (3072K)
 Metaspace       used 3868K, committed 3968K, reserved 1056768K
  class space    used 384K, committed 448K, reserved 1048576K
}
Event: 0.968 GC heap after
{Heap after GC invocations=4 (full 0):
 garbage-first heap   total 131072K, used 42472K [0x0000000081200000, 0x0000000100000000)
  region size 1024K, 4 young (4096K), 4 survivors (4096K)
 Metaspace       used 3868K, committed 3968K, reserved 1056768K
  class space    used 384K, committed 448K, reserved 1048576K
}
Event: 1.837 GC heap before
{Heap before GC invocations=4 (full 0):
 garbage-first heap   total 131072K, used 103912K [0x0000000081200000, 0x0000000100000000)
  region size 1024K, 54 young (55296K), 4 survivors (4096K)
 Metaspace       used 10223K, committed 10432K, reserved 1064960K
  class space    used 1119K, committed 1216K, reserved 1048576K
}

Dll operation events (12 events):
Event: 0.008 Loaded shared library C:\Users\Kanuria\.jdks\corretto-17.0.6\bin\java.dll
Event: 0.019 Loaded shared library C:\Users\Kanuria\.jdks\corretto-17.0.6\bin\jsvml.dll
Event: 0.084 Loaded shared library C:\Users\Kanuria\.jdks\corretto-17.0.6\bin\zip.dll
Event: 0.088 Loaded shared library C:\Users\Kanuria\.jdks\corretto-17.0.6\bin\instrument.dll
Event: 0.094 Loaded shared library C:\Users\Kanuria\.jdks\corretto-17.0.6\bin\net.dll
Event: 0.096 Loaded shared library C:\Users\Kanuria\.jdks\corretto-17.0.6\bin\nio.dll
Event: 0.099 Loaded shared library C:\Users\Kanuria\.jdks\corretto-17.0.6\bin\zip.dll
Event: 0.472 Loaded shared library C:\Users\Kanuria\.jdks\corretto-17.0.6\bin\jimage.dll
Event: 0.875 Loaded shared library C:\Users\Kanuria\.jdks\corretto-17.0.6\bin\verify.dll
Event: 1.187 Loaded shared library C:\Users\Kanuria\.jdks\corretto-17.0.6\bin\management.dll
Event: 1.189 Loaded shared library C:\Users\Kanuria\.jdks\corretto-17.0.6\bin\management_ext.dll
Event: 1.487 Loaded shared library C:\Users\Kanuria\.jdks\corretto-17.0.6\bin\sunmscapi.dll

Deoptimization events (20 events):
Event: 1.739 Thread 0x0000028f9e4fb320 DEOPT PACKING pc=0x0000028fa60ae25d sp=0x000000cdb47fd900
Event: 1.739 Thread 0x0000028f9e4fb320 DEOPT UNPACKING pc=0x0000028fad587143 sp=0x000000cdb47fce90 mode 0
Event: 1.741 Thread 0x0000028f9e4fb320 DEOPT PACKING pc=0x0000028fa60ae25d sp=0x000000cdb47fd900
Event: 1.741 Thread 0x0000028f9e4fb320 DEOPT UNPACKING pc=0x0000028fad587143 sp=0x000000cdb47fce90 mode 0
Event: 1.743 Thread 0x0000028f9e4fb320 DEOPT PACKING pc=0x0000028fa60ae25d sp=0x000000cdb47fd900
Event: 1.743 Thread 0x0000028f9e4fb320 DEOPT UNPACKING pc=0x0000028fad587143 sp=0x000000cdb47fce90 mode 0
Event: 1.745 Thread 0x0000028f9e4fb320 DEOPT PACKING pc=0x0000028fa60ae25d sp=0x000000cdb47fd900
Event: 1.745 Thread 0x0000028f9e4fb320 DEOPT UNPACKING pc=0x0000028fad587143 sp=0x000000cdb47fce90 mode 0
Event: 1.747 Thread 0x0000028f9e4fb320 DEOPT PACKING pc=0x0000028fa60ae25d sp=0x000000cdb47fd900
Event: 1.747 Thread 0x0000028f9e4fb320 DEOPT UNPACKING pc=0x0000028fad587143 sp=0x000000cdb47fce90 mode 0
Event: 1.751 Thread 0x0000028f9e4fb320 DEOPT PACKING pc=0x0000028fa60ae25d sp=0x000000cdb47fd900
Event: 1.751 Thread 0x0000028f9e4fb320 DEOPT UNPACKING pc=0x0000028fad587143 sp=0x000000cdb47fce90 mode 0
Event: 1.752 Thread 0x0000028f9e4fb320 DEOPT PACKING pc=0x0000028fa60ae25d sp=0x000000cdb47fd900
Event: 1.752 Thread 0x0000028f9e4fb320 DEOPT UNPACKING pc=0x0000028fad587143 sp=0x000000cdb47fce90 mode 0
Event: 1.754 Thread 0x0000028f9e4fb320 DEOPT PACKING pc=0x0000028fa60ae25d sp=0x000000cdb47fd900
Event: 1.754 Thread 0x0000028f9e4fb320 DEOPT UNPACKING pc=0x0000028fad587143 sp=0x000000cdb47fce90 mode 0
Event: 1.756 Thread 0x0000028f9e4fb320 DEOPT PACKING pc=0x0000028fa60ae25d sp=0x000000cdb47fd900
Event: 1.756 Thread 0x0000028f9e4fb320 DEOPT UNPACKING pc=0x0000028fad587143 sp=0x000000cdb47fce90 mode 0
Event: 1.758 Thread 0x0000028f9e4fb320 DEOPT PACKING pc=0x0000028fa60ae25d sp=0x000000cdb47fd900
Event: 1.758 Thread 0x0000028f9e4fb320 DEOPT UNPACKING pc=0x0000028fad587143 sp=0x000000cdb47fce90 mode 0

Classes unloaded (0 events):
No events

Classes redefined (0 events):
No events

Internal exceptions (18 events):
Event: 0.503 Thread 0x0000028f9e4fb320 Implicit null exception at 0x0000028fadae8e6e to 0x0000028fadae922c
Event: 0.939 Thread 0x0000028f9e4fb320 Exception <a 'java/lang/ClassNotFoundException'{0x00000000876c5c08}: javax/smartcardio/CardPermission> (0x00000000876c5c08) 
thrown [s\src\hotspot\share\classfile\systemDictionary.cpp, line 256]
Event: 0.945 Thread 0x0000028f9e4fb320 Exception <a 'java/io/FileNotFoundException'{0x00000000876d3d78}> (0x00000000876d3d78) 
thrown [s\src\hotspot\share\prims\jni.cpp, line 516]
Event: 0.950 Thread 0x0000028f9e4fb320 Exception <a 'java/lang/ClassNotFoundException'{0x00000000876d9528}: sun/net/www/protocol/c/Handler> (0x00000000876d9528) 
thrown [s\src\hotspot\share\classfile\systemDictionary.cpp, line 256]
Event: 1.163 Thread 0x0000028f9e4fb320 Exception <a 'java/lang/NoSuchMethodError'{0x0000000088d13ff8}: 'org.slf4j.impl.StaticMarkerBinder org.slf4j.impl.StaticMarkerBinder.getSingleton()'> (0x0000000088d13ff8) 
thrown [s\src\hotspot\share\interpreter\linkResolver.cpp, line 759]
Event: 1.166 Thread 0x0000028f9e4fb320 Exception <a 'java/lang/NoSuchMethodError'{0x0000000088d30688}: 'org.slf4j.impl.StaticMDCBinder org.slf4j.impl.StaticMDCBinder.getSingleton()'> (0x0000000088d30688) 
thrown [s\src\hotspot\share\interpreter\linkResolver.cpp, line 759]
Event: 1.169 Thread 0x0000028f9e4fb320 Implicit null exception at 0x0000028fadb2e455 to 0x0000028fadb2ea68
Event: 1.185 Thread 0x0000028f9e4fb320 Exception <a 'java/lang/NoSuchMethodError'{0x0000000088dbf298}: 'java.lang.Object java.lang.invoke.DirectMethodHandle$Holder.invokeStaticInit(java.lang.Object)'> (0x0000000088dbf298) 
thrown [s\src\hotspot\share\interpreter\linkResolver.cpp, line 759]
Event: 1.195 Thread 0x0000028f9e4fb320 Exception <a 'java/lang/NoSuchMethodError'{0x0000000088dd42e8}: 'int java.lang.invoke.DirectMethodHandle$Holder.invokeSpecial(java.lang.Object, java.lang.Object, java.lang.Object)'> (0x0000000088dd42e8) 
thrown [s\src\hotspot\share\interpreter\linkResolver.cpp, line 759]
Event: 1.266 Thread 0x0000028f9e4fb320 Implicit null exception at 0x0000028fadb11ce0 to 0x0000028fadb11d7a
Event: 1.266 Thread 0x0000028f9e4fb320 Implicit null exception at 0x0000028fadaf6e8f to 0x0000028fadaf6f09
Event: 1.359 Thread 0x0000028f9e4fb320 Exception <a 'java/lang/NoSuchMethodError'{0x00000000889f4488}: 'void java.lang.invoke.DirectMethodHandle$Holder.invokeStatic(java.lang.Object, java.lang.Object)'> (0x00000000889f4488) 
thrown [s\src\hotspot\share\interpreter\linkResolver.cpp, line 759]
Event: 1.361 Thread 0x0000028f9e4fb320 Implicit null exception at 0x0000028fadb2d852 to 0x0000028fadb2de38
Event: 1.399 Thread 0x0000028f9e4fb320 Implicit null exception at 0x0000028fadb1cae0 to 0x0000028fadb1d3e4
Event: 1.464 Thread 0x0000028f9e4fb320 Exception <a 'java/lang/NoSuchMethodError'{0x00000000886c5e80}: 'java.lang.Object java.lang.invoke.DirectMethodHandle$Holder.invokeStaticInit(java.lang.Object, int, int, int, int)'> (0x00000000886c5e80) 
thrown [s\src\hotspot\share\interpreter\linkResolver.cpp, line 759]
Event: 1.552 Thread 0x0000028f9e4fb320 Exception <a 'java/lang/NoSuchMethodError'{0x000000008856cb00}: 'java.lang.Object java.lang.invoke.DirectMethodHandle$Holder.invokeStaticInit(java.lang.Object, java.lang.Object, int, int, int, int)'> (0x000000008856cb00) 
thrown [s\src\hotspot\share\interpreter\linkResolver.cpp, line 759]
Event: 1.565 Thread 0x0000028f9e4fb320 Exception <a 'java/lang/UnsatisfiedLinkError'{0x00000000885ad278}: 'int io.grpc.netty.shaded.io.netty.channel.epoll.Native.offsetofEpollData()'> (0x00000000885ad278) 
thrown [s\src\hotspot\share\prims\nativeLookup.cpp, line 543]
Event: 1.566 Thread 0x0000028f9e4fb320 Exception <a 'java/lang/ExceptionInInitializerError'{0x00000000885ae380}> (0x00000000885ae380) 
thrown [s\src\hotspot\share\oops\instanceKlass.cpp, line 1171]

VM Operations (20 events):
Event: 0.610 Executing VM operation: HandshakeAllThreads done
Event: 0.862 Executing VM operation: HandshakeAllThreads
Event: 0.862 Executing VM operation: HandshakeAllThreads done
Event: 0.960 Executing VM operation: G1CollectForAllocation
Event: 0.968 Executing VM operation: G1CollectForAllocation done
Event: 1.152 Executing VM operation: HandshakeAllThreads
Event: 1.152 Executing VM operation: HandshakeAllThreads done
Event: 1.172 Executing VM operation: HandshakeAllThreads
Event: 1.172 Executing VM operation: HandshakeAllThreads done
Event: 1.233 Executing VM operation: HandshakeAllThreads
Event: 1.233 Executing VM operation: HandshakeAllThreads done
Event: 1.345 Executing VM operation: HandshakeAllThreads
Event: 1.345 Executing VM operation: HandshakeAllThreads done
Event: 1.368 Executing VM operation: HandshakeAllThreads
Event: 1.368 Executing VM operation: HandshakeAllThreads done
Event: 1.501 Executing VM operation: HandshakeAllThreads
Event: 1.501 Executing VM operation: HandshakeAllThreads done
Event: 1.596 Executing VM operation: HandshakeAllThreads
Event: 1.596 Executing VM operation: HandshakeAllThreads done
Event: 1.837 Executing VM operation: G1CollectForAllocation

Events (20 events):
Event: 1.594 loading class io/grpc/ServiceProviders
Event: 1.594 loading class io/grpc/ServiceProviders done
Event: 1.594 loading class java/util/ServiceConfigurationError
Event: 1.594 loading class java/util/ServiceConfigurationError done
Event: 1.594 loading class android/app/Application
Event: 1.594 loading class android/app/Application done
Event: 1.595 loading class sun/net/www/protocol/jar/JarURLConnection
Event: 1.595 loading class java/net/JarURLConnection
Event: 1.595 loading class java/net/JarURLConnection done
Event: 1.595 loading class sun/net/www/protocol/jar/JarURLConnection done
Event: 1.595 loading class sun/net/www/protocol/jar/JarFileFactory
Event: 1.595 loading class sun/net/www/protocol/jar/URLJarFile$URLJarFileCloseController
Event: 1.595 loading class sun/net/www/protocol/jar/URLJarFile$URLJarFileCloseController done
Event: 1.595 loading class sun/net/www/protocol/jar/JarFileFactory done
Event: 1.596 loading class sun/net/www/protocol/jar/URLJarFile
Event: 1.596 loading class sun/net/www/protocol/jar/URLJarFile done
Event: 1.631 loading class sun/net/www/protocol/jar/URLJarFile$URLJarFileEntry
Event: 1.632 loading class sun/net/www/protocol/jar/URLJarFile$URLJarFileEntry done
Event: 1.632 loading class sun/net/www/protocol/jar/JarURLConnection$JarURLInputStream
Event: 1.632 loading class sun/net/www/protocol/jar/JarURLConnection$JarURLInputStream done


Dynamic libraries:
0x00007ff7cb110000 - 0x00007ff7cb11d000 	C:\Users\Kanuria\.jdks\corretto-17.0.6\bin\java.exe
0x00007ff975890000 - 0x00007ff975a88000 	C:\WINDOWS\SYSTEM32\ntdll.dll
0x00007ff974480000 - 0x00007ff97453f000 	C:\WINDOWS\System32\KERNEL32.DLL
0x00007ff9735f0000 - 0x00007ff9738c2000 	C:\WINDOWS\System32\KERNELBASE.dll
0x00007ff973250000 - 0x00007ff973350000 	C:\WINDOWS\System32\ucrtbase.dll
0x00007ff95fda0000 - 0x00007ff95fdb5000 	C:\Users\Kanuria\.jdks\corretto-17.0.6\bin\VCRUNTIME140.dll
0x00007ff969840000 - 0x00007ff969857000 	C:\Users\Kanuria\.jdks\corretto-17.0.6\bin\jli.dll
0x00007ff9745f0000 - 0x00007ff974791000 	C:\WINDOWS\System32\USER32.dll
0x00007ff973460000 - 0x00007ff973482000 	C:\WINDOWS\System32\win32u.dll
0x00007ff9615e0000 - 0x00007ff96187a000 	C:\WINDOWS\WinSxS\amd64_microsoft.windows.common-controls_6595b64144ccf1df_6.0.19041.1110_none_60b5254171f9507e\COMCTL32.dll
0x00007ff973af0000 - 0x00007ff973b8e000 	C:\WINDOWS\System32\msvcrt.dll
0x00007ff973e10000 - 0x00007ff973e3b000 	C:\WINDOWS\System32\GDI32.dll
0x00007ff973350000 - 0x00007ff97345f000 	C:\WINDOWS\System32\gdi32full.dll
0x00007ff973010000 - 0x00007ff9730ad000 	C:\WINDOWS\System32\msvcp_win.dll
0x00007ff973c90000 - 0x00007ff973cc2000 	C:\WINDOWS\System32\IMM32.DLL
0x00007ff942630000 - 0x00007ff9426cb000 	C:\Users\Kanuria\.jdks\corretto-17.0.6\bin\msvcp140.dll
0x00007ff933880000 - 0x00007ff934498000 	C:\Users\Kanuria\.jdks\corretto-17.0.6\bin\server\jvm.dll
0x00007ff974850000 - 0x00007ff9748fe000 	C:\WINDOWS\System32\ADVAPI32.dll
0x00007ff973b90000 - 0x00007ff973c2c000 	C:\WINDOWS\System32\sechost.dll
0x00007ff973cd0000 - 0x00007ff973df5000 	C:\WINDOWS\System32\RPCRT4.dll
0x00007ff948a60000 - 0x00007ff948a69000 	C:\WINDOWS\SYSTEM32\WSOCK32.dll
0x00007ff961390000 - 0x00007ff9613b7000 	C:\WINDOWS\SYSTEM32\WINMM.dll
0x00007ff963060000 - 0x00007ff96306a000 	C:\WINDOWS\SYSTEM32\VERSION.dll
0x00007ff974900000 - 0x00007ff97496b000 	C:\WINDOWS\System32\WS2_32.dll
0x00007ff9717e0000 - 0x00007ff9717f2000 	C:\WINDOWS\SYSTEM32\kernel.appcore.dll
0x00007ff96bd80000 - 0x00007ff96bd8a000 	C:\Users\Kanuria\.jdks\corretto-17.0.6\bin\jimage.dll
0x00007ff96fdf0000 - 0x00007ff96ffd4000 	C:\WINDOWS\SYSTEM32\DBGHELP.DLL
0x00007ff95fe10000 - 0x00007ff95fe45000 	C:\WINDOWS\SYSTEM32\dbgcore.DLL
0x00007ff972f80000 - 0x00007ff973002000 	C:\WINDOWS\System32\bcryptPrimitives.dll
0x00007ff95d4c0000 - 0x00007ff95d4ce000 	C:\Users\Kanuria\.jdks\corretto-17.0.6\bin\instrument.dll
0x00007ff95a670000 - 0x00007ff95a695000 	C:\Users\Kanuria\.jdks\corretto-17.0.6\bin\java.dll
0x00007ff93d3a0000 - 0x00007ff93d476000 	C:\Users\Kanuria\.jdks\corretto-17.0.6\bin\jsvml.dll
0x00007ff974f80000 - 0x00007ff9756c4000 	C:\WINDOWS\System32\SHELL32.dll
0x00007ff970ec0000 - 0x00007ff971652000 	C:\WINDOWS\SYSTEM32\windows.storage.dll
0x00007ff973e40000 - 0x00007ff974195000 	C:\WINDOWS\System32\combase.dll
0x00007ff9729e0000 - 0x00007ff972a10000 	C:\WINDOWS\SYSTEM32\Wldp.dll
0x00007ff975730000 - 0x00007ff9757dd000 	C:\WINDOWS\System32\SHCORE.dll
0x00007ff973c30000 - 0x00007ff973c85000 	C:\WINDOWS\System32\shlwapi.dll
0x00007ff972ec0000 - 0x00007ff972edf000 	C:\WINDOWS\SYSTEM32\profapi.dll
0x00007ff95b6a0000 - 0x00007ff95b6b8000 	C:\Users\Kanuria\.jdks\corretto-17.0.6\bin\zip.dll
0x00007ff95e810000 - 0x00007ff95e829000 	C:\Users\Kanuria\.jdks\corretto-17.0.6\bin\net.dll
0x00007ff970c60000 - 0x00007ff970d6c000 	C:\WINDOWS\SYSTEM32\WINHTTP.dll
0x00007ff972740000 - 0x00007ff9727aa000 	C:\WINDOWS\system32\mswsock.dll
0x00007ff95baf0000 - 0x00007ff95bb05000 	C:\Users\Kanuria\.jdks\corretto-17.0.6\bin\nio.dll
0x00007ff960690000 - 0x00007ff9606a0000 	C:\Users\Kanuria\.jdks\corretto-17.0.6\bin\verify.dll
0x00007ff960280000 - 0x00007ff960289000 	C:\Users\Kanuria\.jdks\corretto-17.0.6\bin\management.dll
0x00007ff95ff70000 - 0x00007ff95ff7b000 	C:\Users\Kanuria\.jdks\corretto-17.0.6\bin\management_ext.dll
0x00007ff973ae0000 - 0x00007ff973ae8000 	C:\WINDOWS\System32\PSAPI.DLL
0x00007ff9723c0000 - 0x00007ff9723fb000 	C:\WINDOWS\SYSTEM32\IPHLPAPI.DLL
0x00007ff9757e0000 - 0x00007ff9757e8000 	C:\WINDOWS\System32\NSI.dll
0x00007ff966cd0000 - 0x00007ff966ce7000 	C:\WINDOWS\SYSTEM32\dhcpcsvc6.DLL
0x00007ff966790000 - 0x00007ff9667ad000 	C:\WINDOWS\SYSTEM32\dhcpcsvc.DLL
0x00007ff972410000 - 0x00007ff9724da000 	C:\WINDOWS\SYSTEM32\DNSAPI.dll
0x00007ff95f7c0000 - 0x00007ff95f7ce000 	C:\Users\Kanuria\.jdks\corretto-17.0.6\bin\sunmscapi.dll
0x00007ff973490000 - 0x00007ff9735e6000 	C:\WINDOWS\System32\CRYPT32.dll
0x00007ff972a50000 - 0x00007ff972a77000 	C:\WINDOWS\SYSTEM32\ncrypt.dll
0x00007ff972a10000 - 0x00007ff972a4b000 	C:\WINDOWS\SYSTEM32\NTASN1.dll
0x00007ff966960000 - 0x00007ff966967000 	C:\WINDOWS\system32\wshunix.dll
0x00007ff972940000 - 0x00007ff972958000 	C:\WINDOWS\SYSTEM32\CRYPTSP.dll
0x00007ff971fb0000 - 0x00007ff971fe4000 	C:\WINDOWS\system32\rsaenh.dll
0x00007ff973220000 - 0x00007ff973247000 	C:\WINDOWS\System32\bcrypt.dll
0x00007ff972e80000 - 0x00007ff972eae000 	C:\WINDOWS\SYSTEM32\USERENV.dll
0x00007ff972930000 - 0x00007ff97293c000 	C:\WINDOWS\SYSTEM32\CRYPTBASE.dll

dbghelp: loaded successfully - version: 4.0.5 - missing functions: none
symbol engine: initialized successfully - sym options: 0x614 - pdb path: .;C:\Users\Kanuria\.jdks\corretto-17.0.6\bin;C:\WINDOWS\SYSTEM32;C:\WINDOWS\WinSxS\amd64_microsoft.windows.common-controls_6595b64144ccf1df_6.0.19041.1110_none_60b5254171f9507e;C:\Users\Kanuria\.jdks\corretto-17.0.6\bin\server

VM Arguments:
jvm_args: -XX:+IgnoreUnrecognizedVMOptions -Xms128m -Xmx750m -Dsun.io.useCanonCaches=false -Dsun.java2d.metal=true -Djbr.catch.SIGABRT=true -Djdk.http.auth.tunneling.disabledSchemes="" -Djdk.attach.allowAttachSelf=true -Djdk.module.illegalAccess.silent=true -Dkotlinx.coroutines.debug=off -Xmx2029m -Dsplash=true -Dide.native.launcher=true -ea -javaagent:C:\Users\Kanuria\AppData\Roaming\JetBrains\IdeaIC2022.2\plugins\diffblue-cover-ij\lib\launcher-2023.01.02-shared-jar.jar -Dlogback.configurationFile=C:\Users\Kanuria\AppData\Local\Temp\diffblue\config\logback-remote-service.xml -Dcom.diffblue.springIsolationJar=C:\Users\Kanuria\AppData\Roaming\JetBrains\IdeaIC2022.2\plugins\diffblue-cover-ij\META-INF\cover-isolation-layer-2023.01.02.jar -Dcover.jar.path=C:\Users\Kanuria\AppData\Roaming\JetBrains\IdeaIC2022.2\plugins\diffblue-cover-ij\META-INF\cover-service-analyzer-2023.01.02.jar -Dcom.diffblue.assertionSuggestionJar=C:\Users\Kanuria\AppData\Roaming\JetBrains\IdeaIC2022.2\plugins\diffblue-cover-ij\META-INF\cover-service-analyzer-2023.01.02.jar -Dcover.main.class=com.diffblue.cover.service.analyzer.Main 
java_command: C:\Users\Kanuria\AppData\Roaming\JetBrains\IdeaIC2022.2\plugins\diffblue-cover-ij\lib\launcher-2023.01.02-shared-jar.jar --service-lifespan 1800 --monitoring-service-port 51788 --debug-log
java_class_path (initial): C:\Users\Kanuria\AppData\Roaming\JetBrains\IdeaIC2022.2\plugins\diffblue-cover-ij\lib\launcher-2023.01.02-shared-jar.jar
Launcher Type: SUN_STANDARD

[Global flags]
     intx CICompilerCount                          = 3                                         {product} {ergonomic}
     uint ConcGCThreads                            = 1                                         {product} {ergonomic}
     uint G1ConcRefinementThreads                  = 4                                         {product} {ergonomic}
   size_t G1HeapRegionSize                         = 1048576                                   {product} {ergonomic}
    uintx GCDrainStackTargetSize                   = 64                                        {product} {ergonomic}
     bool IgnoreUnrecognizedVMOptions              = true                                      {product} {command line}
   size_t InitialHeapSize                          = 134217728                                 {product} {command line}
   size_t MarkStackSize                            = 4194304                                   {product} {ergonomic}
   size_t MaxHeapSize                              = 2128609280                                {product} {command line, ergonomic}
   size_t MaxNewSize                               = 1277165568                                {product} {ergonomic}
   size_t MinHeapDeltaBytes                        = 1048576                                   {product} {ergonomic}
   size_t MinHeapSize                              = 134217728                                 {product} {command line}
    uintx NonNMethodCodeHeapSize                   = 5832780                                {pd product} {ergonomic}
    uintx NonProfiledCodeHeapSize                  = 122912730                              {pd product} {ergonomic}
    uintx ProfiledCodeHeapSize                     = 122912730                              {pd product} {ergonomic}
    uintx ReservedCodeCacheSize                    = 251658240                              {pd product} {ergonomic}
     bool SegmentedCodeCache                       = true                                      {product} {ergonomic}
   size_t SoftMaxHeapSize                          = 2128609280                             {manageable} {ergonomic}
     bool UseCompressedClassPointers               = true                           {product lp64_product} {ergonomic}
     bool UseCompressedOops                        = true                           {product lp64_product} {ergonomic}
     bool UseG1GC                                  = true                                      {product} {ergonomic}
     bool UseLargePagesIndividualAllocation        = false                                  {pd product} {ergonomic}

Logging:
Log output configuration:
 #0: stdout all=warning uptime,level,tags
 #1: stderr all=off uptime,level,tags

Environment Variables:
PATH=C:\Program Files (x86)\Common Files\Oracle\Java\javapath;C:\Python311\Scripts\;C:\Python311\;C:\Program Files (x86)\Intel\Intel(R) Management Engine Components\iCLS\;C:\Program Files\Intel\Intel(R) Management Engine Components\iCLS\;C:\WINDOWS\system32;C:\WINDOWS;C:\WINDOWS\System32\Wbem;C:\WINDOWS\System32\WindowsPowerShell\v1.0\;C:\WINDOWS\System32\OpenSSH\;C:\Program Files (x86)\Intel\Intel(R) Management Engine Components\DAL;C:\Program Files\Intel\Intel(R) Management Engine Components\DAL;C:\Program Files\Intel\WiFi\bin\;C:\Program Files\Common Files\Intel\WirelessCommon\;C:\ProgramData\chocolatey\bin;C:\Program Files\Git\cmd;C:\Program Files\Git\mingw64\bin;C:\Program Files\Git\usr\bin;C:\Program Files\nodejs\;C:\Program Files\Docker\Docker\resources\bin;C:\Users\Kanuria\AppData\Local\Programs\Python\Python39\Scripts\;C:\Users\Kanuria\AppData\Local\Programs\Python\Python39\;C:\Users\Kanuria\Desktop\python\Scripts\;C:\Users\Kanuria\Desktop\python\;C:\Users\Kanuria\AppData\Local\Microsoft\WindowsApps;C:\Program Files\JetBrains\PyCharm Community Edition 2021.1.2\bin;;C:\Users\Kanuria\AppData\Local\Programs\Microsoft VS Code\bin;C:\Program Files\PostgreSQL\15\bin;C:\Program Files\PostgreSQL\15\lib;C:\Users\Kanuria\AppData\Roaming\npm
USERNAME=Kanuria
OS=Windows_NT
PROCESSOR_IDENTIFIER=Intel64 Family 6 Model 142 Stepping 10, GenuineIntel
TMP=C:\Users\Kanuria\AppData\Local\Temp
TEMP=C:\Users\Kanuria\AppData\Local\Temp



---------------  S Y S T E M  ---------------

OS:
 Windows 10 , 64 bit Build 19041 (10.0.19041.2364)
OS uptime: 11 days 4:30 hours
Hyper-V role detected

CPU: total 4 (initial active 4) (2 cores per cpu, 2 threads per core) family 6 model 142 stepping 10 microcode 0xd6, cx8, cmov, fxsr, ht, mmx, 3dnowpref, sse, sse2, sse3, ssse3, sse4.1, sse4.2, popcnt, lzcnt, tsc, tscinvbit, avx, avx2, aes, erms, clmul, bmi1, bmi2, adx, fma, vzeroupper, clflush, clflushopt, hv

Memory: 4k page, system-wide physical 16238M (4896M free)
TotalPageFile size 17220M (AvailPageFile size 55M)
current process WorkingSet (physical memory assigned to process): 177M, peak: 179M
current process commit charge ("private bytes"): 224M, peak: 321M

vm_info: OpenJDK 64-Bit Server VM (17.0.6+10-LTS) for windows-amd64 JRE (17.0.6+10-LTS), built on Jan 13 2023 22:57:04 by "Administrator" with MS VC++ 15.9 (VS2017)

END.
